ERROR - 2022-12-03 02:24:37 --> mysqli_sql_exception: Table 'submenus' already exists in /var/www/html/ci4.ombagoes.com/system/Database/MySQLi/Connection.php:292
Stack trace:
#0 /var/www/html/ci4.ombagoes.com/system/Database/MySQLi/Connection.php(292): mysqli->query()
#1 /var/www/html/ci4.ombagoes.com/system/Database/BaseConnection.php(666): CodeIgniter\Database\MySQLi\Connection->execute()
#2 /var/www/html/ci4.ombagoes.com/system/Database/BaseConnection.php(593): CodeIgniter\Database\BaseConnection->simpleQuery()
#3 /var/www/html/ci4.ombagoes.com/system/Database/Forge.php(509): CodeIgniter\Database\BaseConnection->query()
#4 /var/www/html/ci4.ombagoes.com/app/Database/Migrations/2022-12-03-082242_Submenu.php(52): CodeIgniter\Database\Forge->createTable()
#5 /var/www/html/ci4.ombagoes.com/system/Database/MigrationRunner.php(868): App\Database\Migrations\Submenu->up()
#6 /var/www/html/ci4.ombagoes.com/system/Database/MigrationRunner.php(187): CodeIgniter\Database\MigrationRunner->migrate()
#7 /var/www/html/ci4.ombagoes.com/system/Commands/Database/Migrate.php(84): CodeIgniter\Database\MigrationRunner->latest()
#8 /var/www/html/ci4.ombagoes.com/system/CLI/Commands.php(63): CodeIgniter\Commands\Database\Migrate->run()
#9 /var/www/html/ci4.ombagoes.com/system/CLI/CommandRunner.php(65): CodeIgniter\CLI\Commands->run()
#10 /var/www/html/ci4.ombagoes.com/system/CLI/CommandRunner.php(51): CodeIgniter\CLI\CommandRunner->index()
#11 /var/www/html/ci4.ombagoes.com/system/CodeIgniter.php(920): CodeIgniter\CLI\CommandRunner->_remap()
#12 /var/www/html/ci4.ombagoes.com/system/CodeIgniter.php(482): CodeIgniter\CodeIgniter->runController()
#13 /var/www/html/ci4.ombagoes.com/system/CodeIgniter.php(347): CodeIgniter\CodeIgniter->handleRequest()
#14 /var/www/html/ci4.ombagoes.com/system/CLI/Console.php(48): CodeIgniter\CodeIgniter->run()
#15 /var/www/html/ci4.ombagoes.com/spark(98): CodeIgniter\CLI\Console->run()
#16 {main}
ERROR - 2022-12-03 02:26:19 --> mysqli_sql_exception: Table 'submenus' already exists in /var/www/html/ci4.ombagoes.com/system/Database/MySQLi/Connection.php:292
Stack trace:
#0 /var/www/html/ci4.ombagoes.com/system/Database/MySQLi/Connection.php(292): mysqli->query()
#1 /var/www/html/ci4.ombagoes.com/system/Database/BaseConnection.php(666): CodeIgniter\Database\MySQLi\Connection->execute()
#2 /var/www/html/ci4.ombagoes.com/system/Database/BaseConnection.php(593): CodeIgniter\Database\BaseConnection->simpleQuery()
#3 /var/www/html/ci4.ombagoes.com/system/Database/Forge.php(509): CodeIgniter\Database\BaseConnection->query()
#4 /var/www/html/ci4.ombagoes.com/app/Database/Migrations/2022-12-03-082242_Submenu.php(52): CodeIgniter\Database\Forge->createTable()
#5 /var/www/html/ci4.ombagoes.com/system/Database/MigrationRunner.php(868): App\Database\Migrations\Submenu->up()
#6 /var/www/html/ci4.ombagoes.com/system/Database/MigrationRunner.php(187): CodeIgniter\Database\MigrationRunner->migrate()
#7 /var/www/html/ci4.ombagoes.com/system/Commands/Database/Migrate.php(84): CodeIgniter\Database\MigrationRunner->latest()
#8 /var/www/html/ci4.ombagoes.com/vendor/codeigniter4/shield/src/Commands/Setup.php(308): CodeIgniter\Commands\Database\Migrate->run()
#9 /var/www/html/ci4.ombagoes.com/vendor/codeigniter4/shield/src/Commands/Setup.php(92): CodeIgniter\Shield\Commands\Setup->runMigrations()
#10 /var/www/html/ci4.ombagoes.com/vendor/codeigniter4/shield/src/Commands/Setup.php(79): CodeIgniter\Shield\Commands\Setup->publishConfig()
#11 /var/www/html/ci4.ombagoes.com/system/CLI/Commands.php(63): CodeIgniter\Shield\Commands\Setup->run()
#12 /var/www/html/ci4.ombagoes.com/system/CLI/CommandRunner.php(65): CodeIgniter\CLI\Commands->run()
#13 /var/www/html/ci4.ombagoes.com/system/CLI/CommandRunner.php(51): CodeIgniter\CLI\CommandRunner->index()
#14 /var/www/html/ci4.ombagoes.com/system/CodeIgniter.php(920): CodeIgniter\CLI\CommandRunner->_remap()
#15 /var/www/html/ci4.ombagoes.com/system/CodeIgniter.php(482): CodeIgniter\CodeIgniter->runController()
#16 /var/www/html/ci4.ombagoes.com/system/CodeIgniter.php(347): CodeIgniter\CodeIgniter->handleRequest()
#17 /var/www/html/ci4.ombagoes.com/system/CLI/Console.php(48): CodeIgniter\CodeIgniter->run()
#18 /var/www/html/ci4.ombagoes.com/spark(98): CodeIgniter\CLI\Console->run()
#19 {main}
ERROR - 2022-12-03 03:42:51 --> mysqli_sql_exception: Unknown column 'desc' in 'field list' in /var/www/html/ci4.ombagoes.com/system/Database/MySQLi/Connection.php:292
Stack trace:
#0 /var/www/html/ci4.ombagoes.com/system/Database/MySQLi/Connection.php(292): mysqli->query()
#1 /var/www/html/ci4.ombagoes.com/system/Database/BaseConnection.php(666): CodeIgniter\Database\MySQLi\Connection->execute()
#2 /var/www/html/ci4.ombagoes.com/system/Database/BaseConnection.php(593): CodeIgniter\Database\BaseConnection->simpleQuery()
#3 /var/www/html/ci4.ombagoes.com/system/Database/BaseBuilder.php(1778): CodeIgniter\Database\BaseConnection->query()
#4 /var/www/html/ci4.ombagoes.com/app/Database/Seeds/Group.php(33): CodeIgniter\Database\BaseBuilder->insertBatch()
#5 /var/www/html/ci4.ombagoes.com/system/Database/Seeder.php(146): App\Database\Seeds\Group->run()
#6 /var/www/html/ci4.ombagoes.com/system/Commands/Database/Seed.php(77): CodeIgniter\Database\Seeder->call()
#7 /var/www/html/ci4.ombagoes.com/system/CLI/Commands.php(63): CodeIgniter\Commands\Database\Seed->run()
#8 /var/www/html/ci4.ombagoes.com/system/CLI/CommandRunner.php(65): CodeIgniter\CLI\Commands->run()
#9 /var/www/html/ci4.ombagoes.com/system/CLI/CommandRunner.php(51): CodeIgniter\CLI\CommandRunner->index()
#10 /var/www/html/ci4.ombagoes.com/system/CodeIgniter.php(920): CodeIgniter\CLI\CommandRunner->_remap()
#11 /var/www/html/ci4.ombagoes.com/system/CodeIgniter.php(482): CodeIgniter\CodeIgniter->runController()
#12 /var/www/html/ci4.ombagoes.com/system/CodeIgniter.php(347): CodeIgniter\CodeIgniter->handleRequest()
#13 /var/www/html/ci4.ombagoes.com/system/CLI/Console.php(48): CodeIgniter\CodeIgniter->run()
#14 /var/www/html/ci4.ombagoes.com/spark(98): CodeIgniter\CLI\Console->run()
#15 {main}
