ERROR - 2022-12-31 01:55:53 --> mysqli_sql_exception: Table 'appdb.settings' doesn't exist in /var/www/html/system/Database/MySQLi/Connection.php:292
Stack trace:
#0 /var/www/html/system/Database/MySQLi/Connection.php(292): mysqli->query('SELECT *\nFROM `...', 0)
#1 /var/www/html/system/Database/BaseConnection.php(666): CodeIgniter\Database\MySQLi\Connection->execute('SELECT *\nFROM `...')
#2 /var/www/html/system/Database/BaseConnection.php(593): CodeIgniter\Database\BaseConnection->simpleQuery('SELECT *\nFROM `...')
#3 /var/www/html/system/Database/BaseBuilder.php(1585): CodeIgniter\Database\BaseConnection->query('SELECT *\nFROM `...', Array, false)
#4 /var/www/html/vendor/codeigniter4/settings/src/Handlers/DatabaseHandler.php(163): CodeIgniter\Database\BaseBuilder->get()
#5 /var/www/html/vendor/codeigniter4/settings/src/Handlers/DatabaseHandler.php(41): CodeIgniter\Settings\Handlers\DatabaseHandler->hydrate(NULL)
#6 /var/www/html/vendor/codeigniter4/settings/src/Settings.php(59): CodeIgniter\Settings\Handlers\DatabaseHandler->has('Config\\Auth', 'sessionConfig', NULL)
#7 /var/www/html/vendor/codeigniter4/settings/src/Helpers/setting_helper.php(21): CodeIgniter\Settings\Settings->get('Auth.sessionCon...')
#8 /var/www/html/vendor/codeigniter4/shield/src/Authentication/Authenticators/Session.php(643): setting('Auth.sessionCon...')
#9 /var/www/html/vendor/codeigniter4/shield/src/Authentication/Authenticators/Session.php(661): CodeIgniter\Shield\Authentication\Authenticators\Session->getSessionUserInfo()
#10 /var/www/html/vendor/codeigniter4/shield/src/Authentication/Authenticators/Session.php(367): CodeIgniter\Shield\Authentication\Authenticators\Session->getSessionKey('id')
#11 /var/www/html/vendor/codeigniter4/shield/src/Authentication/Authenticators/Session.php(351): CodeIgniter\Shield\Authentication\Authenticators\Session->checkUserState()
#12 /var/www/html/vendor/codeigniter4/shield/src/Auth.php(159): CodeIgniter\Shield\Authentication\Authenticators\Session->loggedIn()
#13 /var/www/html/app/Controllers/Home.php(11): CodeIgniter\Shield\Auth->__call('loggedIn', Array)
#14 /var/www/html/system/CodeIgniter.php(927): App\Controllers\Home->index()
#15 /var/www/html/system/CodeIgniter.php(482): CodeIgniter\CodeIgniter->runController(Object(App\Controllers\Home))
#16 /var/www/html/system/CodeIgniter.php(351): CodeIgniter\CodeIgniter->handleRequest(NULL, Object(Config\Cache), false)
#17 /var/www/html/public/index.php(67): CodeIgniter\CodeIgniter->run()
#18 {main}
CRITICAL - 2022-12-31 01:55:53 --> Table 'appdb.settings' doesn't exist
in SYSTEMPATH/Database/MySQLi/Connection.php on line 292.
 1 SYSTEMPATH/Database/MySQLi/Connection.php(292): mysqli->query('SELECT *
FROM `settings`
WHERE `context` IS NULL', 0)
 2 SYSTEMPATH/Database/BaseConnection.php(666): CodeIgniter\Database\MySQLi\Connection->execute('SELECT *
FROM `settings`
WHERE `context` IS NULL')
 3 SYSTEMPATH/Database/BaseConnection.php(593): CodeIgniter\Database\BaseConnection->simpleQuery('SELECT *
FROM `settings`
WHERE `context` IS NULL')
 4 SYSTEMPATH/Database/BaseBuilder.php(1585): CodeIgniter\Database\BaseConnection->query('SELECT *
FROM `settings`
WHERE `context` IS NULL', [], false)
 5 VENDORPATH/codeigniter4/settings/src/Handlers/DatabaseHandler.php(163): CodeIgniter\Database\BaseBuilder->get()
 6 VENDORPATH/codeigniter4/settings/src/Handlers/DatabaseHandler.php(41): CodeIgniter\Settings\Handlers\DatabaseHandler->hydrate(null)
 7 VENDORPATH/codeigniter4/settings/src/Settings.php(59): CodeIgniter\Settings\Handlers\DatabaseHandler->has('Config\\Auth', 'sessionConfig', null)
 8 VENDORPATH/codeigniter4/settings/src/Helpers/setting_helper.php(21): CodeIgniter\Settings\Settings->get('Auth.sessionConfig')
 9 VENDORPATH/codeigniter4/shield/src/Authentication/Authenticators/Session.php(643): setting('Auth.sessionConfig')
10 VENDORPATH/codeigniter4/shield/src/Authentication/Authenticators/Session.php(661): CodeIgniter\Shield\Authentication\Authenticators\Session->getSessionUserInfo()
11 VENDORPATH/codeigniter4/shield/src/Authentication/Authenticators/Session.php(367): CodeIgniter\Shield\Authentication\Authenticators\Session->getSessionKey('id')
12 VENDORPATH/codeigniter4/shield/src/Authentication/Authenticators/Session.php(351): CodeIgniter\Shield\Authentication\Authenticators\Session->checkUserState()
13 VENDORPATH/codeigniter4/shield/src/Auth.php(159): CodeIgniter\Shield\Authentication\Authenticators\Session->loggedIn()
14 APPPATH/Controllers/Home.php(11): CodeIgniter\Shield\Auth->__call('loggedIn', [])
15 SYSTEMPATH/CodeIgniter.php(927): App\Controllers\Home->index()
16 SYSTEMPATH/CodeIgniter.php(482): CodeIgniter\CodeIgniter->runController(Object(App\Controllers\Home))
17 SYSTEMPATH/CodeIgniter.php(351): CodeIgniter\CodeIgniter->handleRequest(null, Object(Config\Cache), false)
18 FCPATH/index.php(67): CodeIgniter\CodeIgniter->run()
