CRITICAL - 2022-12-04 03:15:56 --> Undefined property: CodeIgniter\View\View::$db
in APPPATH/Views/partials/sidebar.php on line 3.
 1 APPPATH/Views/partials/sidebar.php(3): CodeIgniter\Debug\Exceptions->errorHandler()
 2 SYSTEMPATH/View/View.php(213): include('APPPATH/Views/partials/sidebar.php')
 3 SYSTEMPATH/View/View.php(216): CodeIgniter\View\View->CodeIgniter\View\{closure}()
 4 SYSTEMPATH/Common.php(1134): CodeIgniter\View\View->render()
 5 APPPATH/Views/dashboard.php(54): view()
 6 SYSTEMPATH/View/View.php(213): include('APPPATH/Views/dashboard.php')
 7 SYSTEMPATH/View/View.php(216): CodeIgniter\View\View->CodeIgniter\View\{closure}()
 8 SYSTEMPATH/View/View.php(229): CodeIgniter\View\View->render()
 9 SYSTEMPATH/Common.php(1134): CodeIgniter\View\View->render()
10 ROOTPATH/Modules/Perm/Controllers/PermController.php(23): view()
11 SYSTEMPATH/CodeIgniter.php(927): Modules\Perm\Controllers\PermController->index()
12 SYSTEMPATH/CodeIgniter.php(482): CodeIgniter\CodeIgniter->runController()
13 SYSTEMPATH/CodeIgniter.php(351): CodeIgniter\CodeIgniter->handleRequest()
14 FCPATH/index.php(67): CodeIgniter\CodeIgniter->run()
ERROR - 2022-12-04 03:16:38 --> mysqli_sql_exception: Unknown column 'id_menu' in 'where clause' in /var/www/html/ci4.ombagoes.com/system/Database/MySQLi/Connection.php:292
Stack trace:
#0 /var/www/html/ci4.ombagoes.com/system/Database/MySQLi/Connection.php(292): mysqli->query()
#1 /var/www/html/ci4.ombagoes.com/system/Database/BaseConnection.php(666): CodeIgniter\Database\MySQLi\Connection->execute()
#2 /var/www/html/ci4.ombagoes.com/system/Database/BaseConnection.php(593): CodeIgniter\Database\BaseConnection->simpleQuery()
#3 /var/www/html/ci4.ombagoes.com/system/Database/BaseBuilder.php(1585): CodeIgniter\Database\BaseConnection->query()
#4 /var/www/html/ci4.ombagoes.com/app/Views/partials/sidebar.php(3): CodeIgniter\Database\BaseBuilder->get()
#5 /var/www/html/ci4.ombagoes.com/system/View/View.php(213): include('...')
#6 /var/www/html/ci4.ombagoes.com/system/View/View.php(216): CodeIgniter\View\View->CodeIgniter\View\{closure}()
#7 /var/www/html/ci4.ombagoes.com/system/Common.php(1134): CodeIgniter\View\View->render()
#8 /var/www/html/ci4.ombagoes.com/app/Views/dashboard.php(54): view()
#9 /var/www/html/ci4.ombagoes.com/system/View/View.php(213): include('...')
#10 /var/www/html/ci4.ombagoes.com/system/View/View.php(216): CodeIgniter\View\View->CodeIgniter\View\{closure}()
#11 /var/www/html/ci4.ombagoes.com/system/View/View.php(229): CodeIgniter\View\View->render()
#12 /var/www/html/ci4.ombagoes.com/system/Common.php(1134): CodeIgniter\View\View->render()
#13 /var/www/html/ci4.ombagoes.com/Modules/Perm/Controllers/PermController.php(23): view()
#14 /var/www/html/ci4.ombagoes.com/system/CodeIgniter.php(927): Modules\Perm\Controllers\PermController->index()
#15 /var/www/html/ci4.ombagoes.com/system/CodeIgniter.php(482): CodeIgniter\CodeIgniter->runController()
#16 /var/www/html/ci4.ombagoes.com/system/CodeIgniter.php(351): CodeIgniter\CodeIgniter->handleRequest()
#17 /var/www/html/ci4.ombagoes.com/public/index.php(67): CodeIgniter\CodeIgniter->run()
#18 {main}
CRITICAL - 2022-12-04 03:16:38 --> Unknown column 'id_menu' in 'where clause'
in SYSTEMPATH/Database/MySQLi/Connection.php on line 292.
 1 SYSTEMPATH/Database/MySQLi/Connection.php(292): mysqli->query()
 2 SYSTEMPATH/Database/BaseConnection.php(666): CodeIgniter\Database\MySQLi\Connection->execute()
 3 SYSTEMPATH/Database/BaseConnection.php(593): CodeIgniter\Database\BaseConnection->simpleQuery()
 4 SYSTEMPATH/Database/BaseBuilder.php(1585): CodeIgniter\Database\BaseConnection->query()
 5 APPPATH/Views/partials/sidebar.php(3): CodeIgniter\Database\BaseBuilder->get()
 6 SYSTEMPATH/View/View.php(213): include('APPPATH/Views/partials/sidebar.php')
 7 SYSTEMPATH/View/View.php(216): CodeIgniter\View\View->CodeIgniter\View\{closure}()
 8 SYSTEMPATH/Common.php(1134): CodeIgniter\View\View->render()
 9 APPPATH/Views/dashboard.php(54): view()
10 SYSTEMPATH/View/View.php(213): include('APPPATH/Views/dashboard.php')
11 SYSTEMPATH/View/View.php(216): CodeIgniter\View\View->CodeIgniter\View\{closure}()
12 SYSTEMPATH/View/View.php(229): CodeIgniter\View\View->render()
13 SYSTEMPATH/Common.php(1134): CodeIgniter\View\View->render()
14 ROOTPATH/Modules/Perm/Controllers/PermController.php(23): view()
15 SYSTEMPATH/CodeIgniter.php(927): Modules\Perm\Controllers\PermController->index()
16 SYSTEMPATH/CodeIgniter.php(482): CodeIgniter\CodeIgniter->runController()
17 SYSTEMPATH/CodeIgniter.php(351): CodeIgniter\CodeIgniter->handleRequest()
18 FCPATH/index.php(67): CodeIgniter\CodeIgniter->run()
ERROR - 2022-12-04 03:23:22 --> mysqli_sql_exception: Unknown column 'menu_id' in 'where clause' in /var/www/html/ci4.ombagoes.com/system/Database/MySQLi/Connection.php:292
Stack trace:
#0 /var/www/html/ci4.ombagoes.com/system/Database/MySQLi/Connection.php(292): mysqli->query()
#1 /var/www/html/ci4.ombagoes.com/system/Database/BaseConnection.php(666): CodeIgniter\Database\MySQLi\Connection->execute()
#2 /var/www/html/ci4.ombagoes.com/system/Database/BaseConnection.php(593): CodeIgniter\Database\BaseConnection->simpleQuery()
#3 /var/www/html/ci4.ombagoes.com/system/Database/BaseBuilder.php(1585): CodeIgniter\Database\BaseConnection->query()
#4 /var/www/html/ci4.ombagoes.com/app/Views/partials/sidebar.php(3): CodeIgniter\Database\BaseBuilder->get()
#5 /var/www/html/ci4.ombagoes.com/system/View/View.php(213): include('...')
#6 /var/www/html/ci4.ombagoes.com/system/View/View.php(216): CodeIgniter\View\View->CodeIgniter\View\{closure}()
#7 /var/www/html/ci4.ombagoes.com/system/Common.php(1134): CodeIgniter\View\View->render()
#8 /var/www/html/ci4.ombagoes.com/app/Views/dashboard.php(54): view()
#9 /var/www/html/ci4.ombagoes.com/system/View/View.php(213): include('...')
#10 /var/www/html/ci4.ombagoes.com/system/View/View.php(216): CodeIgniter\View\View->CodeIgniter\View\{closure}()
#11 /var/www/html/ci4.ombagoes.com/system/View/View.php(229): CodeIgniter\View\View->render()
#12 /var/www/html/ci4.ombagoes.com/system/Common.php(1134): CodeIgniter\View\View->render()
#13 /var/www/html/ci4.ombagoes.com/Modules/Perm/Controllers/PermController.php(23): view()
#14 /var/www/html/ci4.ombagoes.com/system/CodeIgniter.php(927): Modules\Perm\Controllers\PermController->index()
#15 /var/www/html/ci4.ombagoes.com/system/CodeIgniter.php(482): CodeIgniter\CodeIgniter->runController()
#16 /var/www/html/ci4.ombagoes.com/system/CodeIgniter.php(351): CodeIgniter\CodeIgniter->handleRequest()
#17 /var/www/html/ci4.ombagoes.com/public/index.php(67): CodeIgniter\CodeIgniter->run()
#18 {main}
CRITICAL - 2022-12-04 03:23:22 --> Unknown column 'menu_id' in 'where clause'
in SYSTEMPATH/Database/MySQLi/Connection.php on line 292.
 1 SYSTEMPATH/Database/MySQLi/Connection.php(292): mysqli->query()
 2 SYSTEMPATH/Database/BaseConnection.php(666): CodeIgniter\Database\MySQLi\Connection->execute()
 3 SYSTEMPATH/Database/BaseConnection.php(593): CodeIgniter\Database\BaseConnection->simpleQuery()
 4 SYSTEMPATH/Database/BaseBuilder.php(1585): CodeIgniter\Database\BaseConnection->query()
 5 APPPATH/Views/partials/sidebar.php(3): CodeIgniter\Database\BaseBuilder->get()
 6 SYSTEMPATH/View/View.php(213): include('APPPATH/Views/partials/sidebar.php')
 7 SYSTEMPATH/View/View.php(216): CodeIgniter\View\View->CodeIgniter\View\{closure}()
 8 SYSTEMPATH/Common.php(1134): CodeIgniter\View\View->render()
 9 APPPATH/Views/dashboard.php(54): view()
10 SYSTEMPATH/View/View.php(213): include('APPPATH/Views/dashboard.php')
11 SYSTEMPATH/View/View.php(216): CodeIgniter\View\View->CodeIgniter\View\{closure}()
12 SYSTEMPATH/View/View.php(229): CodeIgniter\View\View->render()
13 SYSTEMPATH/Common.php(1134): CodeIgniter\View\View->render()
14 ROOTPATH/Modules/Perm/Controllers/PermController.php(23): view()
15 SYSTEMPATH/CodeIgniter.php(927): Modules\Perm\Controllers\PermController->index()
16 SYSTEMPATH/CodeIgniter.php(482): CodeIgniter\CodeIgniter->runController()
17 SYSTEMPATH/CodeIgniter.php(351): CodeIgniter\CodeIgniter->handleRequest()
18 FCPATH/index.php(67): CodeIgniter\CodeIgniter->run()
ERROR - 2022-12-04 03:24:21 --> mysqli_sql_exception: Unknown column 'menu_id' in 'order clause' in /var/www/html/ci4.ombagoes.com/system/Database/MySQLi/Connection.php:292
Stack trace:
#0 /var/www/html/ci4.ombagoes.com/system/Database/MySQLi/Connection.php(292): mysqli->query()
#1 /var/www/html/ci4.ombagoes.com/system/Database/BaseConnection.php(666): CodeIgniter\Database\MySQLi\Connection->execute()
#2 /var/www/html/ci4.ombagoes.com/system/Database/BaseConnection.php(593): CodeIgniter\Database\BaseConnection->simpleQuery()
#3 /var/www/html/ci4.ombagoes.com/system/Database/BaseBuilder.php(1585): CodeIgniter\Database\BaseConnection->query()
#4 /var/www/html/ci4.ombagoes.com/app/Views/partials/sidebar.php(3): CodeIgniter\Database\BaseBuilder->get()
#5 /var/www/html/ci4.ombagoes.com/system/View/View.php(213): include('...')
#6 /var/www/html/ci4.ombagoes.com/system/View/View.php(216): CodeIgniter\View\View->CodeIgniter\View\{closure}()
#7 /var/www/html/ci4.ombagoes.com/system/Common.php(1134): CodeIgniter\View\View->render()
#8 /var/www/html/ci4.ombagoes.com/app/Views/dashboard.php(54): view()
#9 /var/www/html/ci4.ombagoes.com/system/View/View.php(213): include('...')
#10 /var/www/html/ci4.ombagoes.com/system/View/View.php(216): CodeIgniter\View\View->CodeIgniter\View\{closure}()
#11 /var/www/html/ci4.ombagoes.com/system/View/View.php(229): CodeIgniter\View\View->render()
#12 /var/www/html/ci4.ombagoes.com/system/Common.php(1134): CodeIgniter\View\View->render()
#13 /var/www/html/ci4.ombagoes.com/Modules/Perm/Controllers/PermController.php(23): view()
#14 /var/www/html/ci4.ombagoes.com/system/CodeIgniter.php(927): Modules\Perm\Controllers\PermController->index()
#15 /var/www/html/ci4.ombagoes.com/system/CodeIgniter.php(482): CodeIgniter\CodeIgniter->runController()
#16 /var/www/html/ci4.ombagoes.com/system/CodeIgniter.php(351): CodeIgniter\CodeIgniter->handleRequest()
#17 /var/www/html/ci4.ombagoes.com/public/index.php(67): CodeIgniter\CodeIgniter->run()
#18 {main}
CRITICAL - 2022-12-04 03:24:21 --> Unknown column 'menu_id' in 'order clause'
in SYSTEMPATH/Database/MySQLi/Connection.php on line 292.
 1 SYSTEMPATH/Database/MySQLi/Connection.php(292): mysqli->query()
 2 SYSTEMPATH/Database/BaseConnection.php(666): CodeIgniter\Database\MySQLi\Connection->execute()
 3 SYSTEMPATH/Database/BaseConnection.php(593): CodeIgniter\Database\BaseConnection->simpleQuery()
 4 SYSTEMPATH/Database/BaseBuilder.php(1585): CodeIgniter\Database\BaseConnection->query()
 5 APPPATH/Views/partials/sidebar.php(3): CodeIgniter\Database\BaseBuilder->get()
 6 SYSTEMPATH/View/View.php(213): include('APPPATH/Views/partials/sidebar.php')
 7 SYSTEMPATH/View/View.php(216): CodeIgniter\View\View->CodeIgniter\View\{closure}()
 8 SYSTEMPATH/Common.php(1134): CodeIgniter\View\View->render()
 9 APPPATH/Views/dashboard.php(54): view()
10 SYSTEMPATH/View/View.php(213): include('APPPATH/Views/dashboard.php')
11 SYSTEMPATH/View/View.php(216): CodeIgniter\View\View->CodeIgniter\View\{closure}()
12 SYSTEMPATH/View/View.php(229): CodeIgniter\View\View->render()
13 SYSTEMPATH/Common.php(1134): CodeIgniter\View\View->render()
14 ROOTPATH/Modules/Perm/Controllers/PermController.php(23): view()
15 SYSTEMPATH/CodeIgniter.php(927): Modules\Perm\Controllers\PermController->index()
16 SYSTEMPATH/CodeIgniter.php(482): CodeIgniter\CodeIgniter->runController()
17 SYSTEMPATH/CodeIgniter.php(351): CodeIgniter\CodeIgniter->handleRequest()
18 FCPATH/index.php(67): CodeIgniter\CodeIgniter->run()
CRITICAL - 2022-12-04 03:24:39 --> Call to undefined method CodeIgniter\Database\MySQLi\Result::getArray()
in APPPATH/Views/partials/sidebar.php on line 4.
 1 SYSTEMPATH/View/View.php(213): include()
 2 SYSTEMPATH/View/View.php(216): CodeIgniter\View\View->CodeIgniter\View\{closure}()
 3 SYSTEMPATH/Common.php(1134): CodeIgniter\View\View->render()
 4 APPPATH/Views/dashboard.php(54): view()
 5 SYSTEMPATH/View/View.php(213): include('APPPATH/Views/dashboard.php')
 6 SYSTEMPATH/View/View.php(216): CodeIgniter\View\View->CodeIgniter\View\{closure}()
 7 SYSTEMPATH/View/View.php(229): CodeIgniter\View\View->render()
 8 SYSTEMPATH/Common.php(1134): CodeIgniter\View\View->render()
 9 ROOTPATH/Modules/Perm/Controllers/PermController.php(23): view()
10 SYSTEMPATH/CodeIgniter.php(927): Modules\Perm\Controllers\PermController->index()
11 SYSTEMPATH/CodeIgniter.php(482): CodeIgniter\CodeIgniter->runController()
12 SYSTEMPATH/CodeIgniter.php(351): CodeIgniter\CodeIgniter->handleRequest()
13 FCPATH/index.php(67): CodeIgniter\CodeIgniter->run()
CRITICAL - 2022-12-04 03:27:31 --> Cannot use object of type stdClass as array
in APPPATH/Views/partials/sidebar.php on line 6.
 1 SYSTEMPATH/View/View.php(213): include()
 2 SYSTEMPATH/View/View.php(216): CodeIgniter\View\View->CodeIgniter\View\{closure}()
 3 SYSTEMPATH/Common.php(1134): CodeIgniter\View\View->render()
 4 APPPATH/Views/dashboard.php(54): view()
 5 SYSTEMPATH/View/View.php(213): include('APPPATH/Views/dashboard.php')
 6 SYSTEMPATH/View/View.php(216): CodeIgniter\View\View->CodeIgniter\View\{closure}()
 7 SYSTEMPATH/View/View.php(229): CodeIgniter\View\View->render()
 8 SYSTEMPATH/Common.php(1134): CodeIgniter\View\View->render()
 9 ROOTPATH/Modules/Perm/Controllers/PermController.php(23): view()
10 SYSTEMPATH/CodeIgniter.php(927): Modules\Perm\Controllers\PermController->index()
11 SYSTEMPATH/CodeIgniter.php(482): CodeIgniter\CodeIgniter->runController()
12 SYSTEMPATH/CodeIgniter.php(351): CodeIgniter\CodeIgniter->handleRequest()
13 FCPATH/index.php(67): CodeIgniter\CodeIgniter->run()
CRITICAL - 2022-12-04 03:27:41 --> Undefined array key "menu_id"
in APPPATH/Views/partials/sidebar.php on line 6.
 1 APPPATH/Views/partials/sidebar.php(6): CodeIgniter\Debug\Exceptions->errorHandler()
 2 SYSTEMPATH/View/View.php(213): include('APPPATH/Views/partials/sidebar.php')
 3 SYSTEMPATH/View/View.php(216): CodeIgniter\View\View->CodeIgniter\View\{closure}()
 4 SYSTEMPATH/Common.php(1134): CodeIgniter\View\View->render()
 5 APPPATH/Views/dashboard.php(54): view()
 6 SYSTEMPATH/View/View.php(213): include('APPPATH/Views/dashboard.php')
 7 SYSTEMPATH/View/View.php(216): CodeIgniter\View\View->CodeIgniter\View\{closure}()
 8 SYSTEMPATH/View/View.php(229): CodeIgniter\View\View->render()
 9 SYSTEMPATH/Common.php(1134): CodeIgniter\View\View->render()
10 ROOTPATH/Modules/Perm/Controllers/PermController.php(23): view()
11 SYSTEMPATH/CodeIgniter.php(927): Modules\Perm\Controllers\PermController->index()
12 SYSTEMPATH/CodeIgniter.php(482): CodeIgniter\CodeIgniter->runController()
13 SYSTEMPATH/CodeIgniter.php(351): CodeIgniter\CodeIgniter->handleRequest()
14 FCPATH/index.php(67): CodeIgniter\CodeIgniter->run()
ERROR - 2022-12-04 03:28:05 --> mysqli_sql_exception: Unknown column 'gid' in 'where clause' in /var/www/html/ci4.ombagoes.com/system/Database/MySQLi/Connection.php:292
Stack trace:
#0 /var/www/html/ci4.ombagoes.com/system/Database/MySQLi/Connection.php(292): mysqli->query()
#1 /var/www/html/ci4.ombagoes.com/system/Database/BaseConnection.php(666): CodeIgniter\Database\MySQLi\Connection->execute()
#2 /var/www/html/ci4.ombagoes.com/system/Database/BaseConnection.php(593): CodeIgniter\Database\BaseConnection->simpleQuery()
#3 /var/www/html/ci4.ombagoes.com/app/Views/partials/sidebar.php(8): CodeIgniter\Database\BaseConnection->query()
#4 /var/www/html/ci4.ombagoes.com/system/View/View.php(213): include('...')
#5 /var/www/html/ci4.ombagoes.com/system/View/View.php(216): CodeIgniter\View\View->CodeIgniter\View\{closure}()
#6 /var/www/html/ci4.ombagoes.com/system/Common.php(1134): CodeIgniter\View\View->render()
#7 /var/www/html/ci4.ombagoes.com/app/Views/dashboard.php(54): view()
#8 /var/www/html/ci4.ombagoes.com/system/View/View.php(213): include('...')
#9 /var/www/html/ci4.ombagoes.com/system/View/View.php(216): CodeIgniter\View\View->CodeIgniter\View\{closure}()
#10 /var/www/html/ci4.ombagoes.com/system/View/View.php(229): CodeIgniter\View\View->render()
#11 /var/www/html/ci4.ombagoes.com/system/Common.php(1134): CodeIgniter\View\View->render()
#12 /var/www/html/ci4.ombagoes.com/Modules/Perm/Controllers/PermController.php(23): view()
#13 /var/www/html/ci4.ombagoes.com/system/CodeIgniter.php(927): Modules\Perm\Controllers\PermController->index()
#14 /var/www/html/ci4.ombagoes.com/system/CodeIgniter.php(482): CodeIgniter\CodeIgniter->runController()
#15 /var/www/html/ci4.ombagoes.com/system/CodeIgniter.php(351): CodeIgniter\CodeIgniter->handleRequest()
#16 /var/www/html/ci4.ombagoes.com/public/index.php(67): CodeIgniter\CodeIgniter->run()
#17 {main}
CRITICAL - 2022-12-04 03:28:05 --> Unknown column 'gid' in 'where clause'
in SYSTEMPATH/Database/MySQLi/Connection.php on line 292.
 1 SYSTEMPATH/Database/MySQLi/Connection.php(292): mysqli->query()
 2 SYSTEMPATH/Database/BaseConnection.php(666): CodeIgniter\Database\MySQLi\Connection->execute()
 3 SYSTEMPATH/Database/BaseConnection.php(593): CodeIgniter\Database\BaseConnection->simpleQuery()
 4 APPPATH/Views/partials/sidebar.php(8): CodeIgniter\Database\BaseConnection->query()
 5 SYSTEMPATH/View/View.php(213): include('APPPATH/Views/partials/sidebar.php')
 6 SYSTEMPATH/View/View.php(216): CodeIgniter\View\View->CodeIgniter\View\{closure}()
 7 SYSTEMPATH/Common.php(1134): CodeIgniter\View\View->render()
 8 APPPATH/Views/dashboard.php(54): view()
 9 SYSTEMPATH/View/View.php(213): include('APPPATH/Views/dashboard.php')
10 SYSTEMPATH/View/View.php(216): CodeIgniter\View\View->CodeIgniter\View\{closure}()
11 SYSTEMPATH/View/View.php(229): CodeIgniter\View\View->render()
12 SYSTEMPATH/Common.php(1134): CodeIgniter\View\View->render()
13 ROOTPATH/Modules/Perm/Controllers/PermController.php(23): view()
14 SYSTEMPATH/CodeIgniter.php(927): Modules\Perm\Controllers\PermController->index()
15 SYSTEMPATH/CodeIgniter.php(482): CodeIgniter\CodeIgniter->runController()
16 SYSTEMPATH/CodeIgniter.php(351): CodeIgniter\CodeIgniter->handleRequest()
17 FCPATH/index.php(67): CodeIgniter\CodeIgniter->run()
ERROR - 2022-12-04 03:28:20 --> mysqli_sql_exception: Unknown column 'is_sidebar' in 'where clause' in /var/www/html/ci4.ombagoes.com/system/Database/MySQLi/Connection.php:292
Stack trace:
#0 /var/www/html/ci4.ombagoes.com/system/Database/MySQLi/Connection.php(292): mysqli->query()
#1 /var/www/html/ci4.ombagoes.com/system/Database/BaseConnection.php(666): CodeIgniter\Database\MySQLi\Connection->execute()
#2 /var/www/html/ci4.ombagoes.com/system/Database/BaseConnection.php(593): CodeIgniter\Database\BaseConnection->simpleQuery()
#3 /var/www/html/ci4.ombagoes.com/app/Views/partials/sidebar.php(8): CodeIgniter\Database\BaseConnection->query()
#4 /var/www/html/ci4.ombagoes.com/system/View/View.php(213): include('...')
#5 /var/www/html/ci4.ombagoes.com/system/View/View.php(216): CodeIgniter\View\View->CodeIgniter\View\{closure}()
#6 /var/www/html/ci4.ombagoes.com/system/Common.php(1134): CodeIgniter\View\View->render()
#7 /var/www/html/ci4.ombagoes.com/app/Views/dashboard.php(54): view()
#8 /var/www/html/ci4.ombagoes.com/system/View/View.php(213): include('...')
#9 /var/www/html/ci4.ombagoes.com/system/View/View.php(216): CodeIgniter\View\View->CodeIgniter\View\{closure}()
#10 /var/www/html/ci4.ombagoes.com/system/View/View.php(229): CodeIgniter\View\View->render()
#11 /var/www/html/ci4.ombagoes.com/system/Common.php(1134): CodeIgniter\View\View->render()
#12 /var/www/html/ci4.ombagoes.com/Modules/Perm/Controllers/PermController.php(23): view()
#13 /var/www/html/ci4.ombagoes.com/system/CodeIgniter.php(927): Modules\Perm\Controllers\PermController->index()
#14 /var/www/html/ci4.ombagoes.com/system/CodeIgniter.php(482): CodeIgniter\CodeIgniter->runController()
#15 /var/www/html/ci4.ombagoes.com/system/CodeIgniter.php(351): CodeIgniter\CodeIgniter->handleRequest()
#16 /var/www/html/ci4.ombagoes.com/public/index.php(67): CodeIgniter\CodeIgniter->run()
#17 {main}
CRITICAL - 2022-12-04 03:28:20 --> Unknown column 'is_sidebar' in 'where clause'
in SYSTEMPATH/Database/MySQLi/Connection.php on line 292.
 1 SYSTEMPATH/Database/MySQLi/Connection.php(292): mysqli->query()
 2 SYSTEMPATH/Database/BaseConnection.php(666): CodeIgniter\Database\MySQLi\Connection->execute()
 3 SYSTEMPATH/Database/BaseConnection.php(593): CodeIgniter\Database\BaseConnection->simpleQuery()
 4 APPPATH/Views/partials/sidebar.php(8): CodeIgniter\Database\BaseConnection->query()
 5 SYSTEMPATH/View/View.php(213): include('APPPATH/Views/partials/sidebar.php')
 6 SYSTEMPATH/View/View.php(216): CodeIgniter\View\View->CodeIgniter\View\{closure}()
 7 SYSTEMPATH/Common.php(1134): CodeIgniter\View\View->render()
 8 APPPATH/Views/dashboard.php(54): view()
 9 SYSTEMPATH/View/View.php(213): include('APPPATH/Views/dashboard.php')
10 SYSTEMPATH/View/View.php(216): CodeIgniter\View\View->CodeIgniter\View\{closure}()
11 SYSTEMPATH/View/View.php(229): CodeIgniter\View\View->render()
12 SYSTEMPATH/Common.php(1134): CodeIgniter\View\View->render()
13 ROOTPATH/Modules/Perm/Controllers/PermController.php(23): view()
14 SYSTEMPATH/CodeIgniter.php(927): Modules\Perm\Controllers\PermController->index()
15 SYSTEMPATH/CodeIgniter.php(482): CodeIgniter\CodeIgniter->runController()
16 SYSTEMPATH/CodeIgniter.php(351): CodeIgniter\CodeIgniter->handleRequest()
17 FCPATH/index.php(67): CodeIgniter\CodeIgniter->run()
ERROR - 2022-12-04 03:28:33 --> mysqli_sql_exception: Unknown column 'b.module_id' in 'on clause' in /var/www/html/ci4.ombagoes.com/system/Database/MySQLi/Connection.php:292
Stack trace:
#0 /var/www/html/ci4.ombagoes.com/system/Database/MySQLi/Connection.php(292): mysqli->query()
#1 /var/www/html/ci4.ombagoes.com/system/Database/BaseConnection.php(666): CodeIgniter\Database\MySQLi\Connection->execute()
#2 /var/www/html/ci4.ombagoes.com/system/Database/BaseConnection.php(593): CodeIgniter\Database\BaseConnection->simpleQuery()
#3 /var/www/html/ci4.ombagoes.com/app/Views/partials/sidebar.php(8): CodeIgniter\Database\BaseConnection->query()
#4 /var/www/html/ci4.ombagoes.com/system/View/View.php(213): include('...')
#5 /var/www/html/ci4.ombagoes.com/system/View/View.php(216): CodeIgniter\View\View->CodeIgniter\View\{closure}()
#6 /var/www/html/ci4.ombagoes.com/system/Common.php(1134): CodeIgniter\View\View->render()
#7 /var/www/html/ci4.ombagoes.com/app/Views/dashboard.php(54): view()
#8 /var/www/html/ci4.ombagoes.com/system/View/View.php(213): include('...')
#9 /var/www/html/ci4.ombagoes.com/system/View/View.php(216): CodeIgniter\View\View->CodeIgniter\View\{closure}()
#10 /var/www/html/ci4.ombagoes.com/system/View/View.php(229): CodeIgniter\View\View->render()
#11 /var/www/html/ci4.ombagoes.com/system/Common.php(1134): CodeIgniter\View\View->render()
#12 /var/www/html/ci4.ombagoes.com/Modules/Perm/Controllers/PermController.php(23): view()
#13 /var/www/html/ci4.ombagoes.com/system/CodeIgniter.php(927): Modules\Perm\Controllers\PermController->index()
#14 /var/www/html/ci4.ombagoes.com/system/CodeIgniter.php(482): CodeIgniter\CodeIgniter->runController()
#15 /var/www/html/ci4.ombagoes.com/system/CodeIgniter.php(351): CodeIgniter\CodeIgniter->handleRequest()
#16 /var/www/html/ci4.ombagoes.com/public/index.php(67): CodeIgniter\CodeIgniter->run()
#17 {main}
CRITICAL - 2022-12-04 03:28:33 --> Unknown column 'b.module_id' in 'on clause'
in SYSTEMPATH/Database/MySQLi/Connection.php on line 292.
 1 SYSTEMPATH/Database/MySQLi/Connection.php(292): mysqli->query()
 2 SYSTEMPATH/Database/BaseConnection.php(666): CodeIgniter\Database\MySQLi\Connection->execute()
 3 SYSTEMPATH/Database/BaseConnection.php(593): CodeIgniter\Database\BaseConnection->simpleQuery()
 4 APPPATH/Views/partials/sidebar.php(8): CodeIgniter\Database\BaseConnection->query()
 5 SYSTEMPATH/View/View.php(213): include('APPPATH/Views/partials/sidebar.php')
 6 SYSTEMPATH/View/View.php(216): CodeIgniter\View\View->CodeIgniter\View\{closure}()
 7 SYSTEMPATH/Common.php(1134): CodeIgniter\View\View->render()
 8 APPPATH/Views/dashboard.php(54): view()
 9 SYSTEMPATH/View/View.php(213): include('APPPATH/Views/dashboard.php')
10 SYSTEMPATH/View/View.php(216): CodeIgniter\View\View->CodeIgniter\View\{closure}()
11 SYSTEMPATH/View/View.php(229): CodeIgniter\View\View->render()
12 SYSTEMPATH/Common.php(1134): CodeIgniter\View\View->render()
13 ROOTPATH/Modules/Perm/Controllers/PermController.php(23): view()
14 SYSTEMPATH/CodeIgniter.php(927): Modules\Perm\Controllers\PermController->index()
15 SYSTEMPATH/CodeIgniter.php(482): CodeIgniter\CodeIgniter->runController()
16 SYSTEMPATH/CodeIgniter.php(351): CodeIgniter\CodeIgniter->handleRequest()
17 FCPATH/index.php(67): CodeIgniter\CodeIgniter->run()
ERROR - 2022-12-04 03:29:07 --> mysqli_sql_exception: Unknown column 'b.no_urut' in 'order clause' in /var/www/html/ci4.ombagoes.com/system/Database/MySQLi/Connection.php:292
Stack trace:
#0 /var/www/html/ci4.ombagoes.com/system/Database/MySQLi/Connection.php(292): mysqli->query()
#1 /var/www/html/ci4.ombagoes.com/system/Database/BaseConnection.php(666): CodeIgniter\Database\MySQLi\Connection->execute()
#2 /var/www/html/ci4.ombagoes.com/system/Database/BaseConnection.php(593): CodeIgniter\Database\BaseConnection->simpleQuery()
#3 /var/www/html/ci4.ombagoes.com/app/Views/partials/sidebar.php(8): CodeIgniter\Database\BaseConnection->query()
#4 /var/www/html/ci4.ombagoes.com/system/View/View.php(213): include('...')
#5 /var/www/html/ci4.ombagoes.com/system/View/View.php(216): CodeIgniter\View\View->CodeIgniter\View\{closure}()
#6 /var/www/html/ci4.ombagoes.com/system/Common.php(1134): CodeIgniter\View\View->render()
#7 /var/www/html/ci4.ombagoes.com/app/Views/dashboard.php(54): view()
#8 /var/www/html/ci4.ombagoes.com/system/View/View.php(213): include('...')
#9 /var/www/html/ci4.ombagoes.com/system/View/View.php(216): CodeIgniter\View\View->CodeIgniter\View\{closure}()
#10 /var/www/html/ci4.ombagoes.com/system/View/View.php(229): CodeIgniter\View\View->render()
#11 /var/www/html/ci4.ombagoes.com/system/Common.php(1134): CodeIgniter\View\View->render()
#12 /var/www/html/ci4.ombagoes.com/Modules/Perm/Controllers/PermController.php(23): view()
#13 /var/www/html/ci4.ombagoes.com/system/CodeIgniter.php(927): Modules\Perm\Controllers\PermController->index()
#14 /var/www/html/ci4.ombagoes.com/system/CodeIgniter.php(482): CodeIgniter\CodeIgniter->runController()
#15 /var/www/html/ci4.ombagoes.com/system/CodeIgniter.php(351): CodeIgniter\CodeIgniter->handleRequest()
#16 /var/www/html/ci4.ombagoes.com/public/index.php(67): CodeIgniter\CodeIgniter->run()
#17 {main}
CRITICAL - 2022-12-04 03:29:07 --> Unknown column 'b.no_urut' in 'order clause'
in SYSTEMPATH/Database/MySQLi/Connection.php on line 292.
 1 SYSTEMPATH/Database/MySQLi/Connection.php(292): mysqli->query()
 2 SYSTEMPATH/Database/BaseConnection.php(666): CodeIgniter\Database\MySQLi\Connection->execute()
 3 SYSTEMPATH/Database/BaseConnection.php(593): CodeIgniter\Database\BaseConnection->simpleQuery()
 4 APPPATH/Views/partials/sidebar.php(8): CodeIgniter\Database\BaseConnection->query()
 5 SYSTEMPATH/View/View.php(213): include('APPPATH/Views/partials/sidebar.php')
 6 SYSTEMPATH/View/View.php(216): CodeIgniter\View\View->CodeIgniter\View\{closure}()
 7 SYSTEMPATH/Common.php(1134): CodeIgniter\View\View->render()
 8 APPPATH/Views/dashboard.php(54): view()
 9 SYSTEMPATH/View/View.php(213): include('APPPATH/Views/dashboard.php')
10 SYSTEMPATH/View/View.php(216): CodeIgniter\View\View->CodeIgniter\View\{closure}()
11 SYSTEMPATH/View/View.php(229): CodeIgniter\View\View->render()
12 SYSTEMPATH/Common.php(1134): CodeIgniter\View\View->render()
13 ROOTPATH/Modules/Perm/Controllers/PermController.php(23): view()
14 SYSTEMPATH/CodeIgniter.php(927): Modules\Perm\Controllers\PermController->index()
15 SYSTEMPATH/CodeIgniter.php(482): CodeIgniter\CodeIgniter->runController()
16 SYSTEMPATH/CodeIgniter.php(351): CodeIgniter\CodeIgniter->handleRequest()
17 FCPATH/index.php(67): CodeIgniter\CodeIgniter->run()
CRITICAL - 2022-12-04 03:29:18 --> Undefined property: CodeIgniter\View\View::$session
in APPPATH/Views/partials/sidebar.php on line 24.
 1 APPPATH/Views/partials/sidebar.php(24): CodeIgniter\Debug\Exceptions->errorHandler()
 2 SYSTEMPATH/View/View.php(213): include('APPPATH/Views/partials/sidebar.php')
 3 SYSTEMPATH/View/View.php(216): CodeIgniter\View\View->CodeIgniter\View\{closure}()
 4 SYSTEMPATH/Common.php(1134): CodeIgniter\View\View->render()
 5 APPPATH/Views/dashboard.php(54): view()
 6 SYSTEMPATH/View/View.php(213): include('APPPATH/Views/dashboard.php')
 7 SYSTEMPATH/View/View.php(216): CodeIgniter\View\View->CodeIgniter\View\{closure}()
 8 SYSTEMPATH/View/View.php(229): CodeIgniter\View\View->render()
 9 SYSTEMPATH/Common.php(1134): CodeIgniter\View\View->render()
10 ROOTPATH/Modules/Perm/Controllers/PermController.php(23): view()
11 SYSTEMPATH/CodeIgniter.php(927): Modules\Perm\Controllers\PermController->index()
12 SYSTEMPATH/CodeIgniter.php(482): CodeIgniter\CodeIgniter->runController()
13 SYSTEMPATH/CodeIgniter.php(351): CodeIgniter\CodeIgniter->handleRequest()
14 FCPATH/index.php(67): CodeIgniter\CodeIgniter->run()
CRITICAL - 2022-12-04 03:35:20 --> Class "Modules\Group\Controllers\UserPerm" not found
in ROOTPATH/Modules/Group/Controllers/GroupController.php on line 15.
 1 SYSTEMPATH/CodeIgniter.php(889): Modules\Group\Controllers\GroupController->__construct()
 2 SYSTEMPATH/CodeIgniter.php(473): CodeIgniter\CodeIgniter->createController()
 3 SYSTEMPATH/CodeIgniter.php(351): CodeIgniter\CodeIgniter->handleRequest()
 4 FCPATH/index.php(67): CodeIgniter\CodeIgniter->run()
CRITICAL - 2022-12-04 03:37:05 --> Undefined variable $db
in APPPATH/Views/partials/sidebar.php on line 3.
 1 APPPATH/Views/partials/sidebar.php(3): CodeIgniter\Debug\Exceptions->errorHandler()
 2 SYSTEMPATH/View/View.php(213): include('APPPATH/Views/partials/sidebar.php')
 3 SYSTEMPATH/View/View.php(216): CodeIgniter\View\View->CodeIgniter\View\{closure}()
 4 SYSTEMPATH/Common.php(1134): CodeIgniter\View\View->render()
 5 APPPATH/Views/dashboard.php(54): view()
 6 SYSTEMPATH/View/View.php(213): include('APPPATH/Views/dashboard.php')
 7 SYSTEMPATH/View/View.php(216): CodeIgniter\View\View->CodeIgniter\View\{closure}()
 8 SYSTEMPATH/View/View.php(229): CodeIgniter\View\View->render()
 9 SYSTEMPATH/Common.php(1134): CodeIgniter\View\View->render()
10 ROOTPATH/Modules/User/Controllers/UserController.php(32): view()
11 SYSTEMPATH/CodeIgniter.php(927): Modules\User\Controllers\UserController->index()
12 SYSTEMPATH/CodeIgniter.php(482): CodeIgniter\CodeIgniter->runController()
13 SYSTEMPATH/CodeIgniter.php(351): CodeIgniter\CodeIgniter->handleRequest()
14 FCPATH/index.php(67): CodeIgniter\CodeIgniter->run()
CRITICAL - 2022-12-04 03:37:17 --> Undefined variable $db
in APPPATH/Views/partials/sidebar.php on line 3.
 1 APPPATH/Views/partials/sidebar.php(3): CodeIgniter\Debug\Exceptions->errorHandler()
 2 SYSTEMPATH/View/View.php(213): include('APPPATH/Views/partials/sidebar.php')
 3 SYSTEMPATH/View/View.php(216): CodeIgniter\View\View->CodeIgniter\View\{closure}()
 4 SYSTEMPATH/Common.php(1134): CodeIgniter\View\View->render()
 5 APPPATH/Views/dashboard.php(54): view()
 6 SYSTEMPATH/View/View.php(213): include('APPPATH/Views/dashboard.php')
 7 SYSTEMPATH/View/View.php(216): CodeIgniter\View\View->CodeIgniter\View\{closure}()
 8 SYSTEMPATH/View/View.php(229): CodeIgniter\View\View->render()
 9 SYSTEMPATH/Common.php(1134): CodeIgniter\View\View->render()
10 ROOTPATH/Modules/User/Controllers/UserController.php(32): view()
11 SYSTEMPATH/CodeIgniter.php(927): Modules\User\Controllers\UserController->index()
12 SYSTEMPATH/CodeIgniter.php(482): CodeIgniter\CodeIgniter->runController()
13 SYSTEMPATH/CodeIgniter.php(351): CodeIgniter\CodeIgniter->handleRequest()
14 FCPATH/index.php(67): CodeIgniter\CodeIgniter->run()
CRITICAL - 2022-12-04 03:44:42 --> Undefined variable $db
in APPPATH/Views/partials/sidebar.php on line 3.
 1 APPPATH/Views/partials/sidebar.php(3): CodeIgniter\Debug\Exceptions->errorHandler()
 2 SYSTEMPATH/View/View.php(213): include('APPPATH/Views/partials/sidebar.php')
 3 SYSTEMPATH/View/View.php(216): CodeIgniter\View\View->CodeIgniter\View\{closure}()
 4 SYSTEMPATH/Common.php(1134): CodeIgniter\View\View->render()
 5 APPPATH/Views/dashboard.php(54): view()
 6 SYSTEMPATH/View/View.php(213): include('APPPATH/Views/dashboard.php')
 7 SYSTEMPATH/View/View.php(216): CodeIgniter\View\View->CodeIgniter\View\{closure}()
 8 SYSTEMPATH/View/View.php(229): CodeIgniter\View\View->render()
 9 SYSTEMPATH/Common.php(1134): CodeIgniter\View\View->render()
10 APPPATH/Controllers/Home.php(8): view()
11 SYSTEMPATH/CodeIgniter.php(927): App\Controllers\Home->index()
12 SYSTEMPATH/CodeIgniter.php(482): CodeIgniter\CodeIgniter->runController()
13 SYSTEMPATH/CodeIgniter.php(351): CodeIgniter\CodeIgniter->handleRequest()
14 FCPATH/index.php(67): CodeIgniter\CodeIgniter->run()
CRITICAL - 2022-12-04 04:04:41 --> Unclosed '{' on line 6
in APPPATH/Views/partials/sidebar.php on line 40.
 1 SYSTEMPATH/View/View.php(216): CodeIgniter\View\View->CodeIgniter\View\{closure}()
 2 SYSTEMPATH/Common.php(1134): CodeIgniter\View\View->render()
 3 APPPATH/Views/dashboard.php(54): view()
 4 SYSTEMPATH/View/View.php(213): include('APPPATH/Views/dashboard.php')
 5 SYSTEMPATH/View/View.php(216): CodeIgniter\View\View->CodeIgniter\View\{closure}()
 6 SYSTEMPATH/View/View.php(229): CodeIgniter\View\View->render()
 7 SYSTEMPATH/Common.php(1134): CodeIgniter\View\View->render()
 8 ROOTPATH/Modules/User/Controllers/UserController.php(34): view()
 9 SYSTEMPATH/CodeIgniter.php(927): Modules\User\Controllers\UserController->index()
10 SYSTEMPATH/CodeIgniter.php(482): CodeIgniter\CodeIgniter->runController()
11 SYSTEMPATH/CodeIgniter.php(351): CodeIgniter\CodeIgniter->handleRequest()
12 FCPATH/index.php(67): CodeIgniter\CodeIgniter->run()
CRITICAL - 2022-12-04 04:11:46 --> Undefined variable $menu
in APPPATH/Views/partials/sidebar.php on line 5.
 1 APPPATH/Views/partials/sidebar.php(5): CodeIgniter\Debug\Exceptions->errorHandler()
 2 SYSTEMPATH/View/View.php(213): include('APPPATH/Views/partials/sidebar.php')
 3 SYSTEMPATH/View/View.php(216): CodeIgniter\View\View->CodeIgniter\View\{closure}()
 4 SYSTEMPATH/Common.php(1134): CodeIgniter\View\View->render()
 5 APPPATH/Views/dashboard.php(54): view()
 6 SYSTEMPATH/View/View.php(213): include('APPPATH/Views/dashboard.php')
 7 SYSTEMPATH/View/View.php(216): CodeIgniter\View\View->CodeIgniter\View\{closure}()
 8 SYSTEMPATH/View/View.php(229): CodeIgniter\View\View->render()
 9 SYSTEMPATH/Common.php(1134): CodeIgniter\View\View->render()
10 ROOTPATH/Modules/User/Controllers/UserController.php(34): view()
11 SYSTEMPATH/CodeIgniter.php(927): Modules\User\Controllers\UserController->index()
12 SYSTEMPATH/CodeIgniter.php(482): CodeIgniter\CodeIgniter->runController()
13 SYSTEMPATH/CodeIgniter.php(351): CodeIgniter\CodeIgniter->handleRequest()
14 FCPATH/index.php(67): CodeIgniter\CodeIgniter->run()
CRITICAL - 2022-12-04 04:14:09 --> Undefined variable $menu
in APPPATH/Views/partials/sidebar.php on line 5.
 1 APPPATH/Views/partials/sidebar.php(5): CodeIgniter\Debug\Exceptions->errorHandler()
 2 SYSTEMPATH/View/View.php(213): include('APPPATH/Views/partials/sidebar.php')
 3 SYSTEMPATH/View/View.php(216): CodeIgniter\View\View->CodeIgniter\View\{closure}()
 4 SYSTEMPATH/Common.php(1134): CodeIgniter\View\View->render()
 5 APPPATH/Views/dashboard.php(54): view()
 6 SYSTEMPATH/View/View.php(213): include('APPPATH/Views/dashboard.php')
 7 SYSTEMPATH/View/View.php(216): CodeIgniter\View\View->CodeIgniter\View\{closure}()
 8 SYSTEMPATH/View/View.php(229): CodeIgniter\View\View->render()
 9 SYSTEMPATH/Common.php(1134): CodeIgniter\View\View->render()
10 ROOTPATH/Modules/User/Controllers/UserController.php(34): view()
11 SYSTEMPATH/CodeIgniter.php(927): Modules\User\Controllers\UserController->index()
12 SYSTEMPATH/CodeIgniter.php(482): CodeIgniter\CodeIgniter->runController()
13 SYSTEMPATH/CodeIgniter.php(351): CodeIgniter\CodeIgniter->handleRequest()
14 FCPATH/index.php(67): CodeIgniter\CodeIgniter->run()
CRITICAL - 2022-12-04 04:17:05 --> Undefined variable $group_id
in ROOTPATH/Modules/Perm/Controllers/PermController.php on line 108.
 1 ROOTPATH/Modules/Perm/Controllers/PermController.php(108): CodeIgniter\Debug\Exceptions->errorHandler()
 2 SYSTEMPATH/CodeIgniter.php(927): Modules\Perm\Controllers\PermController->test()
 3 SYSTEMPATH/CodeIgniter.php(482): CodeIgniter\CodeIgniter->runController()
 4 SYSTEMPATH/CodeIgniter.php(351): CodeIgniter\CodeIgniter->handleRequest()
 5 FCPATH/index.php(67): CodeIgniter\CodeIgniter->run()
ERROR - 2022-12-04 04:17:17 --> mysqli_sql_exception: Unknown column 'r' in 'where clause' in /var/www/html/ci4.ombagoes.com/system/Database/MySQLi/Connection.php:292
Stack trace:
#0 /var/www/html/ci4.ombagoes.com/system/Database/MySQLi/Connection.php(292): mysqli->query()
#1 /var/www/html/ci4.ombagoes.com/system/Database/BaseConnection.php(666): CodeIgniter\Database\MySQLi\Connection->execute()
#2 /var/www/html/ci4.ombagoes.com/system/Database/BaseConnection.php(593): CodeIgniter\Database\BaseConnection->simpleQuery()
#3 /var/www/html/ci4.ombagoes.com/system/Database/BaseBuilder.php(1718): CodeIgniter\Database\BaseConnection->query()
#4 /var/www/html/ci4.ombagoes.com/Modules/Perm/Controllers/PermController.php(108): CodeIgniter\Database\BaseBuilder->getWhere()
#5 /var/www/html/ci4.ombagoes.com/system/CodeIgniter.php(927): Modules\Perm\Controllers\PermController->test()
#6 /var/www/html/ci4.ombagoes.com/system/CodeIgniter.php(482): CodeIgniter\CodeIgniter->runController()
#7 /var/www/html/ci4.ombagoes.com/system/CodeIgniter.php(351): CodeIgniter\CodeIgniter->handleRequest()
#8 /var/www/html/ci4.ombagoes.com/public/index.php(67): CodeIgniter\CodeIgniter->run()
#9 {main}
CRITICAL - 2022-12-04 04:17:17 --> Unknown column 'r' in 'where clause'
in SYSTEMPATH/Database/MySQLi/Connection.php on line 292.
 1 SYSTEMPATH/Database/MySQLi/Connection.php(292): mysqli->query()
 2 SYSTEMPATH/Database/BaseConnection.php(666): CodeIgniter\Database\MySQLi\Connection->execute()
 3 SYSTEMPATH/Database/BaseConnection.php(593): CodeIgniter\Database\BaseConnection->simpleQuery()
 4 SYSTEMPATH/Database/BaseBuilder.php(1718): CodeIgniter\Database\BaseConnection->query()
 5 ROOTPATH/Modules/Perm/Controllers/PermController.php(108): CodeIgniter\Database\BaseBuilder->getWhere()
 6 SYSTEMPATH/CodeIgniter.php(927): Modules\Perm\Controllers\PermController->test()
 7 SYSTEMPATH/CodeIgniter.php(482): CodeIgniter\CodeIgniter->runController()
 8 SYSTEMPATH/CodeIgniter.php(351): CodeIgniter\CodeIgniter->handleRequest()
 9 FCPATH/index.php(67): CodeIgniter\CodeIgniter->run()
CRITICAL - 2022-12-04 04:20:01 --> Call to undefined method CodeIgniter\Database\MySQLi\Result::get()
in APPPATH/Views/partials/sidebar.php on line 5.
 1 SYSTEMPATH/View/View.php(213): include()
 2 SYSTEMPATH/View/View.php(216): CodeIgniter\View\View->CodeIgniter\View\{closure}()
 3 SYSTEMPATH/Common.php(1134): CodeIgniter\View\View->render()
 4 APPPATH/Views/dashboard.php(54): view()
 5 SYSTEMPATH/View/View.php(213): include('APPPATH/Views/dashboard.php')
 6 SYSTEMPATH/View/View.php(216): CodeIgniter\View\View->CodeIgniter\View\{closure}()
 7 SYSTEMPATH/View/View.php(229): CodeIgniter\View\View->render()
 8 SYSTEMPATH/Common.php(1134): CodeIgniter\View\View->render()
 9 ROOTPATH/Modules/User/Controllers/UserController.php(34): view()
10 SYSTEMPATH/CodeIgniter.php(927): Modules\User\Controllers\UserController->index()
11 SYSTEMPATH/CodeIgniter.php(482): CodeIgniter\CodeIgniter->runController()
12 SYSTEMPATH/CodeIgniter.php(351): CodeIgniter\CodeIgniter->handleRequest()
13 FCPATH/index.php(67): CodeIgniter\CodeIgniter->run()
CRITICAL - 2022-12-04 04:21:11 --> Call to undefined method CodeIgniter\Database\MySQLi\Result::get()
in ROOTPATH/Modules/Perm/Controllers/PermController.php on line 108.
 1 SYSTEMPATH/CodeIgniter.php(927): Modules\Perm\Controllers\PermController->test()
 2 SYSTEMPATH/CodeIgniter.php(482): CodeIgniter\CodeIgniter->runController()
 3 SYSTEMPATH/CodeIgniter.php(351): CodeIgniter\CodeIgniter->handleRequest()
 4 FCPATH/index.php(67): CodeIgniter\CodeIgniter->run()
CRITICAL - 2022-12-04 04:21:40 --> Call to undefined method CodeIgniter\Database\MySQLi\Result::getResults()
in ROOTPATH/Modules/Perm/Controllers/PermController.php on line 109.
 1 SYSTEMPATH/CodeIgniter.php(927): Modules\Perm\Controllers\PermController->test()
 2 SYSTEMPATH/CodeIgniter.php(482): CodeIgniter\CodeIgniter->runController()
 3 SYSTEMPATH/CodeIgniter.php(351): CodeIgniter\CodeIgniter->handleRequest()
 4 FCPATH/index.php(67): CodeIgniter\CodeIgniter->run()
CRITICAL - 2022-12-04 04:22:01 --> Call to undefined method CodeIgniter\Database\MySQLi\Result::getResults()
in ROOTPATH/Modules/Perm/Controllers/PermController.php on line 109.
 1 SYSTEMPATH/CodeIgniter.php(927): Modules\Perm\Controllers\PermController->test()
 2 SYSTEMPATH/CodeIgniter.php(482): CodeIgniter\CodeIgniter->runController()
 3 SYSTEMPATH/CodeIgniter.php(351): CodeIgniter\CodeIgniter->handleRequest()
 4 FCPATH/index.php(67): CodeIgniter\CodeIgniter->run()
CRITICAL - 2022-12-04 04:22:02 --> Call to undefined method CodeIgniter\Database\MySQLi\Result::getResults()
in ROOTPATH/Modules/Perm/Controllers/PermController.php on line 109.
 1 SYSTEMPATH/CodeIgniter.php(927): Modules\Perm\Controllers\PermController->test()
 2 SYSTEMPATH/CodeIgniter.php(482): CodeIgniter\CodeIgniter->runController()
 3 SYSTEMPATH/CodeIgniter.php(351): CodeIgniter\CodeIgniter->handleRequest()
 4 FCPATH/index.php(67): CodeIgniter\CodeIgniter->run()
CRITICAL - 2022-12-04 04:23:01 --> Object of class CodeIgniter\HTTP\Response could not be converted to string
in ROOTPATH/Modules/Perm/Controllers/PermController.php on line 109.
 1 SYSTEMPATH/CodeIgniter.php(927): Modules\Perm\Controllers\PermController->test()
 2 SYSTEMPATH/CodeIgniter.php(482): CodeIgniter\CodeIgniter->runController()
 3 SYSTEMPATH/CodeIgniter.php(351): CodeIgniter\CodeIgniter->handleRequest()
 4 FCPATH/index.php(67): CodeIgniter\CodeIgniter->run()
CRITICAL - 2022-12-04 04:23:46 --> Call to undefined method CodeIgniter\Database\MySQLi\Result::get()
in ROOTPATH/Modules/Perm/Controllers/PermController.php on line 108.
 1 SYSTEMPATH/CodeIgniter.php(927): Modules\Perm\Controllers\PermController->test()
 2 SYSTEMPATH/CodeIgniter.php(482): CodeIgniter\CodeIgniter->runController()
 3 SYSTEMPATH/CodeIgniter.php(351): CodeIgniter\CodeIgniter->handleRequest()
 4 FCPATH/index.php(67): CodeIgniter\CodeIgniter->run()
CRITICAL - 2022-12-04 21:24:28 --> Undefined property: Modules\Perm\Controllers\PermController::$module_id
in ROOTPATH/Modules/Perm/Controllers/PermController.php on line 111.
 1 ROOTPATH/Modules/Perm/Controllers/PermController.php(111): CodeIgniter\Debug\Exceptions->errorHandler()
 2 SYSTEMPATH/CodeIgniter.php(927): Modules\Perm\Controllers\PermController->test()
 3 SYSTEMPATH/CodeIgniter.php(482): CodeIgniter\CodeIgniter->runController()
 4 SYSTEMPATH/CodeIgniter.php(351): CodeIgniter\CodeIgniter->handleRequest()
 5 FCPATH/index.php(67): CodeIgniter\CodeIgniter->run()
ERROR - 2022-12-04 21:24:56 --> mysqli_sql_exception: Column 'id' in where clause is ambiguous in /var/www/html/ci4.ombagoes.com/system/Database/MySQLi/Connection.php:292
Stack trace:
#0 /var/www/html/ci4.ombagoes.com/system/Database/MySQLi/Connection.php(292): mysqli->query()
#1 /var/www/html/ci4.ombagoes.com/system/Database/BaseConnection.php(666): CodeIgniter\Database\MySQLi\Connection->execute()
#2 /var/www/html/ci4.ombagoes.com/system/Database/BaseConnection.php(593): CodeIgniter\Database\BaseConnection->simpleQuery()
#3 /var/www/html/ci4.ombagoes.com/system/Database/BaseBuilder.php(1718): CodeIgniter\Database\BaseConnection->query()
#4 /var/www/html/ci4.ombagoes.com/Modules/Perm/Controllers/PermController.php(111): CodeIgniter\Database\BaseBuilder->getWhere()
#5 /var/www/html/ci4.ombagoes.com/system/CodeIgniter.php(927): Modules\Perm\Controllers\PermController->test()
#6 /var/www/html/ci4.ombagoes.com/system/CodeIgniter.php(482): CodeIgniter\CodeIgniter->runController()
#7 /var/www/html/ci4.ombagoes.com/system/CodeIgniter.php(351): CodeIgniter\CodeIgniter->handleRequest()
#8 /var/www/html/ci4.ombagoes.com/public/index.php(67): CodeIgniter\CodeIgniter->run()
#9 {main}
CRITICAL - 2022-12-04 21:24:56 --> Column 'id' in where clause is ambiguous
in SYSTEMPATH/Database/MySQLi/Connection.php on line 292.
 1 SYSTEMPATH/Database/MySQLi/Connection.php(292): mysqli->query()
 2 SYSTEMPATH/Database/BaseConnection.php(666): CodeIgniter\Database\MySQLi\Connection->execute()
 3 SYSTEMPATH/Database/BaseConnection.php(593): CodeIgniter\Database\BaseConnection->simpleQuery()
 4 SYSTEMPATH/Database/BaseBuilder.php(1718): CodeIgniter\Database\BaseConnection->query()
 5 ROOTPATH/Modules/Perm/Controllers/PermController.php(111): CodeIgniter\Database\BaseBuilder->getWhere()
 6 SYSTEMPATH/CodeIgniter.php(927): Modules\Perm\Controllers\PermController->test()
 7 SYSTEMPATH/CodeIgniter.php(482): CodeIgniter\CodeIgniter->runController()
 8 SYSTEMPATH/CodeIgniter.php(351): CodeIgniter\CodeIgniter->handleRequest()
 9 FCPATH/index.php(67): CodeIgniter\CodeIgniter->run()
CRITICAL - 2022-12-04 21:59:39 --> Undefined variable $routes
in ROOTPATH/Modules/Employee/Routes.php on line 2.
 1 ROOTPATH/Modules/Employee/Routes.php(2): CodeIgniter\Debug\Exceptions->errorHandler()
 2 APPPATH/Config/Routes.php(73): require('ROOTPATH/Modules/Employee/Routes.php')
 3 APPPATH/Config/Routes.php(60): Config\scanroute()
 4 SYSTEMPATH/CodeIgniter.php(789): require('APPPATH/Config/Routes.php')
 5 SYSTEMPATH/CodeIgniter.php(430): CodeIgniter\CodeIgniter->tryToRouteIt()
 6 SYSTEMPATH/CodeIgniter.php(351): CodeIgniter\CodeIgniter->handleRequest()
 7 FCPATH/index.php(67): CodeIgniter\CodeIgniter->run()
CRITICAL - 2022-12-04 22:02:53 --> Undefined variable $modules_path
in APPPATH/Config/Routes.php on line 64.
 1 APPPATH/Config/Routes.php(64): CodeIgniter\Debug\Exceptions->errorHandler()
 2 SYSTEMPATH/CodeIgniter.php(789): require('APPPATH/Config/Routes.php')
 3 SYSTEMPATH/CodeIgniter.php(430): CodeIgniter\CodeIgniter->tryToRouteIt()
 4 SYSTEMPATH/CodeIgniter.php(351): CodeIgniter\CodeIgniter->handleRequest()
 5 FCPATH/index.php(67): CodeIgniter\CodeIgniter->run()
