ERROR - 2022-11-24 09:24:09 --> mysqli_sql_exception: Unknown table 'ci4ombagoescom.menus' in /var/www/html/ci4.ombagoes.com/system/Database/MySQLi/Connection.php:292
Stack trace:
#0 /var/www/html/ci4.ombagoes.com/system/Database/MySQLi/Connection.php(292): mysqli->query()
#1 /var/www/html/ci4.ombagoes.com/system/Database/BaseConnection.php(666): CodeIgniter\Database\MySQLi\Connection->execute()
#2 /var/www/html/ci4.ombagoes.com/system/Database/BaseConnection.php(593): CodeIgniter\Database\BaseConnection->simpleQuery()
#3 /var/www/html/ci4.ombagoes.com/system/Database/Forge.php(600): CodeIgniter\Database\BaseConnection->query()
#4 /var/www/html/ci4.ombagoes.com/app/Database/Migrations/2022-11-24-084345_Menu.php(41): CodeIgniter\Database\Forge->dropTable()
#5 /var/www/html/ci4.ombagoes.com/system/Database/MigrationRunner.php(868): App\Database\Migrations\Menu->down()
#6 /var/www/html/ci4.ombagoes.com/system/Database/MigrationRunner.php(298): CodeIgniter\Database\MigrationRunner->migrate()
#7 /var/www/html/ci4.ombagoes.com/system/Commands/Database/MigrateRollback.php(92): CodeIgniter\Database\MigrationRunner->regress()
#8 /var/www/html/ci4.ombagoes.com/system/CLI/Commands.php(63): CodeIgniter\Commands\Database\MigrateRollback->run()
#9 /var/www/html/ci4.ombagoes.com/system/CLI/BaseCommand.php(112): CodeIgniter\CLI\Commands->run()
#10 /var/www/html/ci4.ombagoes.com/system/Commands/Database/MigrateRefresh.php(84): CodeIgniter\CLI\BaseCommand->call()
#11 /var/www/html/ci4.ombagoes.com/system/CLI/Commands.php(63): CodeIgniter\Commands\Database\MigrateRefresh->run()
#12 /var/www/html/ci4.ombagoes.com/system/CLI/CommandRunner.php(65): CodeIgniter\CLI\Commands->run()
#13 /var/www/html/ci4.ombagoes.com/system/CLI/CommandRunner.php(51): CodeIgniter\CLI\CommandRunner->index()
#14 /var/www/html/ci4.ombagoes.com/system/CodeIgniter.php(920): CodeIgniter\CLI\CommandRunner->_remap()
#15 /var/www/html/ci4.ombagoes.com/system/CodeIgniter.php(482): CodeIgniter\CodeIgniter->runController()
#16 /var/www/html/ci4.ombagoes.com/system/CodeIgniter.php(347): CodeIgniter\CodeIgniter->handleRequest()
#17 /var/www/html/ci4.ombagoes.com/system/CLI/Console.php(48): CodeIgniter\CodeIgniter->run()
#18 /var/www/html/ci4.ombagoes.com/spark(98): CodeIgniter\CLI\Console->run()
#19 {main}
ERROR - 2022-11-24 09:29:27 --> mysqli_sql_exception: Unknown table 'ci4ombagoescom.menus' in /var/www/html/ci4.ombagoes.com/system/Database/MySQLi/Connection.php:292
Stack trace:
#0 /var/www/html/ci4.ombagoes.com/system/Database/MySQLi/Connection.php(292): mysqli->query()
#1 /var/www/html/ci4.ombagoes.com/system/Database/BaseConnection.php(666): CodeIgniter\Database\MySQLi\Connection->execute()
#2 /var/www/html/ci4.ombagoes.com/system/Database/BaseConnection.php(593): CodeIgniter\Database\BaseConnection->simpleQuery()
#3 /var/www/html/ci4.ombagoes.com/system/Database/Forge.php(600): CodeIgniter\Database\BaseConnection->query()
#4 /var/www/html/ci4.ombagoes.com/app/Database/Migrations/2022-11-17-135355_Role.php(41): CodeIgniter\Database\Forge->dropTable()
#5 /var/www/html/ci4.ombagoes.com/system/Database/MigrationRunner.php(868): App\Database\Migrations\Role->down()
#6 /var/www/html/ci4.ombagoes.com/system/Database/MigrationRunner.php(298): CodeIgniter\Database\MigrationRunner->migrate()
#7 /var/www/html/ci4.ombagoes.com/system/Commands/Database/MigrateRollback.php(92): CodeIgniter\Database\MigrationRunner->regress()
#8 /var/www/html/ci4.ombagoes.com/system/CLI/Commands.php(63): CodeIgniter\Commands\Database\MigrateRollback->run()
#9 /var/www/html/ci4.ombagoes.com/system/CLI/BaseCommand.php(112): CodeIgniter\CLI\Commands->run()
#10 /var/www/html/ci4.ombagoes.com/system/Commands/Database/MigrateRefresh.php(84): CodeIgniter\CLI\BaseCommand->call()
#11 /var/www/html/ci4.ombagoes.com/system/CLI/Commands.php(63): CodeIgniter\Commands\Database\MigrateRefresh->run()
#12 /var/www/html/ci4.ombagoes.com/system/CLI/CommandRunner.php(65): CodeIgniter\CLI\Commands->run()
#13 /var/www/html/ci4.ombagoes.com/system/CLI/CommandRunner.php(51): CodeIgniter\CLI\CommandRunner->index()
#14 /var/www/html/ci4.ombagoes.com/system/CodeIgniter.php(920): CodeIgniter\CLI\CommandRunner->_remap()
#15 /var/www/html/ci4.ombagoes.com/system/CodeIgniter.php(482): CodeIgniter\CodeIgniter->runController()
#16 /var/www/html/ci4.ombagoes.com/system/CodeIgniter.php(347): CodeIgniter\CodeIgniter->handleRequest()
#17 /var/www/html/ci4.ombagoes.com/system/CLI/Console.php(48): CodeIgniter\CodeIgniter->run()
#18 /var/www/html/ci4.ombagoes.com/spark(98): CodeIgniter\CLI\Console->run()
#19 {main}
ERROR - 2022-11-24 10:07:56 --> mysqli_sql_exception: Unknown column 'slug' in 'field list' in /var/www/html/ci4.ombagoes.com/system/Database/MySQLi/Connection.php:292
Stack trace:
#0 /var/www/html/ci4.ombagoes.com/system/Database/MySQLi/Connection.php(292): mysqli->query()
#1 /var/www/html/ci4.ombagoes.com/system/Database/BaseConnection.php(666): CodeIgniter\Database\MySQLi\Connection->execute()
#2 /var/www/html/ci4.ombagoes.com/system/Database/BaseConnection.php(593): CodeIgniter\Database\BaseConnection->simpleQuery()
#3 /var/www/html/ci4.ombagoes.com/system/Database/BaseBuilder.php(1778): CodeIgniter\Database\BaseConnection->query()
#4 /var/www/html/ci4.ombagoes.com/app/Database/Seeds/Menu.php(28): CodeIgniter\Database\BaseBuilder->insertBatch()
#5 /var/www/html/ci4.ombagoes.com/system/Database/Seeder.php(146): App\Database\Seeds\Menu->run()
#6 /var/www/html/ci4.ombagoes.com/system/Commands/Database/Seed.php(77): CodeIgniter\Database\Seeder->call()
#7 /var/www/html/ci4.ombagoes.com/system/CLI/Commands.php(63): CodeIgniter\Commands\Database\Seed->run()
#8 /var/www/html/ci4.ombagoes.com/system/CLI/CommandRunner.php(65): CodeIgniter\CLI\Commands->run()
#9 /var/www/html/ci4.ombagoes.com/system/CLI/CommandRunner.php(51): CodeIgniter\CLI\CommandRunner->index()
#10 /var/www/html/ci4.ombagoes.com/system/CodeIgniter.php(920): CodeIgniter\CLI\CommandRunner->_remap()
#11 /var/www/html/ci4.ombagoes.com/system/CodeIgniter.php(482): CodeIgniter\CodeIgniter->runController()
#12 /var/www/html/ci4.ombagoes.com/system/CodeIgniter.php(347): CodeIgniter\CodeIgniter->handleRequest()
#13 /var/www/html/ci4.ombagoes.com/system/CLI/Console.php(48): CodeIgniter\CodeIgniter->run()
#14 /var/www/html/ci4.ombagoes.com/spark(98): CodeIgniter\CLI\Console->run()
#15 {main}
