CRITICAL - 2022-12-19 15:07:07 --> Trying to access array offset on value of type null
in ROOTPATH/Modules/Insurance/Controllers/Insurance.php on line 32.
 1 ROOTPATH/Modules/Insurance/Controllers/Insurance.php(32): CodeIgniter\Debug\Exceptions->errorHandler()
 2 SYSTEMPATH/CodeIgniter.php(927): Modules\Insurance\Controllers\Insurance->index()
 3 SYSTEMPATH/CodeIgniter.php(482): CodeIgniter\CodeIgniter->runController()
 4 SYSTEMPATH/CodeIgniter.php(351): CodeIgniter\CodeIgniter->handleRequest()
 5 FCPATH/index.php(67): CodeIgniter\CodeIgniter->run()
CRITICAL - 2022-12-19 15:38:52 --> Undefined variable $db
in ROOTPATH/Modules/Insurance/Controllers/Insurance.php on line 86.
 1 ROOTPATH/Modules/Insurance/Controllers/Insurance.php(86): CodeIgniter\Debug\Exceptions->errorHandler()
 2 SYSTEMPATH/CodeIgniter.php(927): Modules\Insurance\Controllers\Insurance->get_data()
 3 SYSTEMPATH/CodeIgniter.php(482): CodeIgniter\CodeIgniter->runController()
 4 SYSTEMPATH/CodeIgniter.php(351): CodeIgniter\CodeIgniter->handleRequest()
 5 FCPATH/index.php(67): CodeIgniter\CodeIgniter->run()
ERROR - 2022-12-19 15:39:14 --> mysqli_sql_exception: Table 'ci4ombagoescom.employee_insurance' doesn't exist in /var/www/html/ci4.ombagoes.com/system/Database/MySQLi/Connection.php:292
Stack trace:
#0 /var/www/html/ci4.ombagoes.com/system/Database/MySQLi/Connection.php(292): mysqli->query()
#1 /var/www/html/ci4.ombagoes.com/system/Database/BaseConnection.php(666): CodeIgniter\Database\MySQLi\Connection->execute()
#2 /var/www/html/ci4.ombagoes.com/system/Database/BaseConnection.php(593): CodeIgniter\Database\BaseConnection->simpleQuery()
#3 /var/www/html/ci4.ombagoes.com/system/Database/BaseBuilder.php(1718): CodeIgniter\Database\BaseConnection->query()
#4 /var/www/html/ci4.ombagoes.com/Modules/Insurance/Controllers/Insurance.php(88): CodeIgniter\Database\BaseBuilder->getWhere()
#5 /var/www/html/ci4.ombagoes.com/system/CodeIgniter.php(927): Modules\Insurance\Controllers\Insurance->get_data()
#6 /var/www/html/ci4.ombagoes.com/system/CodeIgniter.php(482): CodeIgniter\CodeIgniter->runController()
#7 /var/www/html/ci4.ombagoes.com/system/CodeIgniter.php(351): CodeIgniter\CodeIgniter->handleRequest()
#8 /var/www/html/ci4.ombagoes.com/public/index.php(67): CodeIgniter\CodeIgniter->run()
#9 {main}
CRITICAL - 2022-12-19 15:39:14 --> Table 'ci4ombagoescom.employee_insurance' doesn't exist
in SYSTEMPATH/Database/MySQLi/Connection.php on line 292.
 1 SYSTEMPATH/Database/MySQLi/Connection.php(292): mysqli->query()
 2 SYSTEMPATH/Database/BaseConnection.php(666): CodeIgniter\Database\MySQLi\Connection->execute()
 3 SYSTEMPATH/Database/BaseConnection.php(593): CodeIgniter\Database\BaseConnection->simpleQuery()
 4 SYSTEMPATH/Database/BaseBuilder.php(1718): CodeIgniter\Database\BaseConnection->query()
 5 ROOTPATH/Modules/Insurance/Controllers/Insurance.php(88): CodeIgniter\Database\BaseBuilder->getWhere()
 6 SYSTEMPATH/CodeIgniter.php(927): Modules\Insurance\Controllers\Insurance->get_data()
 7 SYSTEMPATH/CodeIgniter.php(482): CodeIgniter\CodeIgniter->runController()
 8 SYSTEMPATH/CodeIgniter.php(351): CodeIgniter\CodeIgniter->handleRequest()
 9 FCPATH/index.php(67): CodeIgniter\CodeIgniter->run()
CRITICAL - 2022-12-19 15:39:32 --> Trying to access array offset on value of type null
in ROOTPATH/Modules/Insurance/Controllers/Insurance.php on line 89.
 1 ROOTPATH/Modules/Insurance/Controllers/Insurance.php(89): CodeIgniter\Debug\Exceptions->errorHandler()
 2 SYSTEMPATH/CodeIgniter.php(927): Modules\Insurance\Controllers\Insurance->get_data()
 3 SYSTEMPATH/CodeIgniter.php(482): CodeIgniter\CodeIgniter->runController()
 4 SYSTEMPATH/CodeIgniter.php(351): CodeIgniter\CodeIgniter->handleRequest()
 5 FCPATH/index.php(67): CodeIgniter\CodeIgniter->run()
CRITICAL - 2022-12-19 15:44:29 --> Undefined array key "option"
in ROOTPATH/Modules/Insurance/Controllers/Insurance.php on line 88.
 1 ROOTPATH/Modules/Insurance/Controllers/Insurance.php(88): CodeIgniter\Debug\Exceptions->errorHandler()
 2 SYSTEMPATH/CodeIgniter.php(927): Modules\Insurance\Controllers\Insurance->get_data()
 3 SYSTEMPATH/CodeIgniter.php(482): CodeIgniter\CodeIgniter->runController()
 4 SYSTEMPATH/CodeIgniter.php(351): CodeIgniter\CodeIgniter->handleRequest()
 5 FCPATH/index.php(67): CodeIgniter\CodeIgniter->run()
CRITICAL - 2022-12-19 15:46:33 --> Call to undefined function Modules\Insurance\Controllers\easy_clearstr()
in ROOTPATH/Modules/Insurance/Controllers/Insurance.php on line 89.
 1 SYSTEMPATH/CodeIgniter.php(927): Modules\Insurance\Controllers\Insurance->get_data()
 2 SYSTEMPATH/CodeIgniter.php(482): CodeIgniter\CodeIgniter->runController()
 3 SYSTEMPATH/CodeIgniter.php(351): CodeIgniter\CodeIgniter->handleRequest()
 4 FCPATH/index.php(67): CodeIgniter\CodeIgniter->run()
CRITICAL - 2022-12-19 15:47:27 --> Undefined variable $db
in ROOTPATH/Modules/Insurance/Controllers/Insurance.php on line 170.
 1 ROOTPATH/Modules/Insurance/Controllers/Insurance.php(170): CodeIgniter\Debug\Exceptions->errorHandler()
 2 ROOTPATH/Modules/Insurance/Controllers/Insurance.php(141): Modules\Insurance\Controllers\Insurance->updatesibling()
 3 SYSTEMPATH/CodeIgniter.php(927): Modules\Insurance\Controllers\Insurance->update()
 4 SYSTEMPATH/CodeIgniter.php(482): CodeIgniter\CodeIgniter->runController()
 5 SYSTEMPATH/CodeIgniter.php(351): CodeIgniter\CodeIgniter->handleRequest()
 6 FCPATH/index.php(67): CodeIgniter\CodeIgniter->run()
CRITICAL - 2022-12-19 15:47:47 --> Call to undefined method CodeIgniter\Database\MySQLi\Result::replace()
in ROOTPATH/Modules/Insurance/Controllers/Insurance.php on line 172.
 1 ROOTPATH/Modules/Insurance/Controllers/Insurance.php(141): Modules\Insurance\Controllers\Insurance->updatesibling()
 2 SYSTEMPATH/CodeIgniter.php(927): Modules\Insurance\Controllers\Insurance->update()
 3 SYSTEMPATH/CodeIgniter.php(482): CodeIgniter\CodeIgniter->runController()
 4 SYSTEMPATH/CodeIgniter.php(351): CodeIgniter\CodeIgniter->handleRequest()
 5 FCPATH/index.php(67): CodeIgniter\CodeIgniter->run()
ERROR - 2022-12-19 15:49:08 --> mysqli_sql_exception: Unknown column 'card_number' in 'field list' in /var/www/html/ci4.ombagoes.com/system/Database/MySQLi/Connection.php:292
Stack trace:
#0 /var/www/html/ci4.ombagoes.com/system/Database/MySQLi/Connection.php(292): mysqli->query()
#1 /var/www/html/ci4.ombagoes.com/system/Database/BaseConnection.php(666): CodeIgniter\Database\MySQLi\Connection->execute()
#2 /var/www/html/ci4.ombagoes.com/system/Database/BaseConnection.php(593): CodeIgniter\Database\BaseConnection->simpleQuery()
#3 /var/www/html/ci4.ombagoes.com/system/Database/BaseBuilder.php(2002): CodeIgniter\Database\BaseConnection->query()
#4 /var/www/html/ci4.ombagoes.com/Modules/Insurance/Controllers/Insurance.php(181): CodeIgniter\Database\BaseBuilder->replace()
#5 /var/www/html/ci4.ombagoes.com/Modules/Insurance/Controllers/Insurance.php(141): Modules\Insurance\Controllers\Insurance->updatesibling()
#6 /var/www/html/ci4.ombagoes.com/system/CodeIgniter.php(927): Modules\Insurance\Controllers\Insurance->update()
#7 /var/www/html/ci4.ombagoes.com/system/CodeIgniter.php(482): CodeIgniter\CodeIgniter->runController()
#8 /var/www/html/ci4.ombagoes.com/system/CodeIgniter.php(351): CodeIgniter\CodeIgniter->handleRequest()
#9 /var/www/html/ci4.ombagoes.com/public/index.php(67): CodeIgniter\CodeIgniter->run()
#10 {main}
CRITICAL - 2022-12-19 15:49:08 --> Unknown column 'card_number' in 'field list'
in SYSTEMPATH/Database/MySQLi/Connection.php on line 292.
 1 SYSTEMPATH/Database/MySQLi/Connection.php(292): mysqli->query()
 2 SYSTEMPATH/Database/BaseConnection.php(666): CodeIgniter\Database\MySQLi\Connection->execute()
 3 SYSTEMPATH/Database/BaseConnection.php(593): CodeIgniter\Database\BaseConnection->simpleQuery()
 4 SYSTEMPATH/Database/BaseBuilder.php(2002): CodeIgniter\Database\BaseConnection->query()
 5 ROOTPATH/Modules/Insurance/Controllers/Insurance.php(181): CodeIgniter\Database\BaseBuilder->replace()
 6 ROOTPATH/Modules/Insurance/Controllers/Insurance.php(141): Modules\Insurance\Controllers\Insurance->updatesibling()
 7 SYSTEMPATH/CodeIgniter.php(927): Modules\Insurance\Controllers\Insurance->update()
 8 SYSTEMPATH/CodeIgniter.php(482): CodeIgniter\CodeIgniter->runController()
 9 SYSTEMPATH/CodeIgniter.php(351): CodeIgniter\CodeIgniter->handleRequest()
10 FCPATH/index.php(67): CodeIgniter\CodeIgniter->run()
ERROR - 2022-12-19 15:49:37 --> mysqli_sql_exception: Unknown column 'fullname' in 'field list' in /var/www/html/ci4.ombagoes.com/system/Database/MySQLi/Connection.php:292
Stack trace:
#0 /var/www/html/ci4.ombagoes.com/system/Database/MySQLi/Connection.php(292): mysqli->query()
#1 /var/www/html/ci4.ombagoes.com/system/Database/BaseConnection.php(666): CodeIgniter\Database\MySQLi\Connection->execute()
#2 /var/www/html/ci4.ombagoes.com/system/Database/BaseConnection.php(593): CodeIgniter\Database\BaseConnection->simpleQuery()
#3 /var/www/html/ci4.ombagoes.com/system/Database/BaseBuilder.php(2002): CodeIgniter\Database\BaseConnection->query()
#4 /var/www/html/ci4.ombagoes.com/Modules/Insurance/Controllers/Insurance.php(181): CodeIgniter\Database\BaseBuilder->replace()
#5 /var/www/html/ci4.ombagoes.com/Modules/Insurance/Controllers/Insurance.php(141): Modules\Insurance\Controllers\Insurance->updatesibling()
#6 /var/www/html/ci4.ombagoes.com/system/CodeIgniter.php(927): Modules\Insurance\Controllers\Insurance->update()
#7 /var/www/html/ci4.ombagoes.com/system/CodeIgniter.php(482): CodeIgniter\CodeIgniter->runController()
#8 /var/www/html/ci4.ombagoes.com/system/CodeIgniter.php(351): CodeIgniter\CodeIgniter->handleRequest()
#9 /var/www/html/ci4.ombagoes.com/public/index.php(67): CodeIgniter\CodeIgniter->run()
#10 {main}
CRITICAL - 2022-12-19 15:49:37 --> Unknown column 'fullname' in 'field list'
in SYSTEMPATH/Database/MySQLi/Connection.php on line 292.
 1 SYSTEMPATH/Database/MySQLi/Connection.php(292): mysqli->query()
 2 SYSTEMPATH/Database/BaseConnection.php(666): CodeIgniter\Database\MySQLi\Connection->execute()
 3 SYSTEMPATH/Database/BaseConnection.php(593): CodeIgniter\Database\BaseConnection->simpleQuery()
 4 SYSTEMPATH/Database/BaseBuilder.php(2002): CodeIgniter\Database\BaseConnection->query()
 5 ROOTPATH/Modules/Insurance/Controllers/Insurance.php(181): CodeIgniter\Database\BaseBuilder->replace()
 6 ROOTPATH/Modules/Insurance/Controllers/Insurance.php(141): Modules\Insurance\Controllers\Insurance->updatesibling()
 7 SYSTEMPATH/CodeIgniter.php(927): Modules\Insurance\Controllers\Insurance->update()
 8 SYSTEMPATH/CodeIgniter.php(482): CodeIgniter\CodeIgniter->runController()
 9 SYSTEMPATH/CodeIgniter.php(351): CodeIgniter\CodeIgniter->handleRequest()
10 FCPATH/index.php(67): CodeIgniter\CodeIgniter->run()
ERROR - 2022-12-19 15:49:57 --> mysqli_sql_exception: Column 'card_number' cannot be null in /var/www/html/ci4.ombagoes.com/system/Database/MySQLi/Connection.php:292
Stack trace:
#0 /var/www/html/ci4.ombagoes.com/system/Database/MySQLi/Connection.php(292): mysqli->query()
#1 /var/www/html/ci4.ombagoes.com/system/Database/BaseConnection.php(666): CodeIgniter\Database\MySQLi\Connection->execute()
#2 /var/www/html/ci4.ombagoes.com/system/Database/BaseConnection.php(593): CodeIgniter\Database\BaseConnection->simpleQuery()
#3 /var/www/html/ci4.ombagoes.com/system/Database/BaseBuilder.php(2002): CodeIgniter\Database\BaseConnection->query()
#4 /var/www/html/ci4.ombagoes.com/Modules/Insurance/Controllers/Insurance.php(180): CodeIgniter\Database\BaseBuilder->replace()
#5 /var/www/html/ci4.ombagoes.com/Modules/Insurance/Controllers/Insurance.php(141): Modules\Insurance\Controllers\Insurance->updatesibling()
#6 /var/www/html/ci4.ombagoes.com/system/CodeIgniter.php(927): Modules\Insurance\Controllers\Insurance->update()
#7 /var/www/html/ci4.ombagoes.com/system/CodeIgniter.php(482): CodeIgniter\CodeIgniter->runController()
#8 /var/www/html/ci4.ombagoes.com/system/CodeIgniter.php(351): CodeIgniter\CodeIgniter->handleRequest()
#9 /var/www/html/ci4.ombagoes.com/public/index.php(67): CodeIgniter\CodeIgniter->run()
#10 {main}
CRITICAL - 2022-12-19 15:49:57 --> Column 'card_number' cannot be null
in SYSTEMPATH/Database/MySQLi/Connection.php on line 292.
 1 SYSTEMPATH/Database/MySQLi/Connection.php(292): mysqli->query()
 2 SYSTEMPATH/Database/BaseConnection.php(666): CodeIgniter\Database\MySQLi\Connection->execute()
 3 SYSTEMPATH/Database/BaseConnection.php(593): CodeIgniter\Database\BaseConnection->simpleQuery()
 4 SYSTEMPATH/Database/BaseBuilder.php(2002): CodeIgniter\Database\BaseConnection->query()
 5 ROOTPATH/Modules/Insurance/Controllers/Insurance.php(180): CodeIgniter\Database\BaseBuilder->replace()
 6 ROOTPATH/Modules/Insurance/Controllers/Insurance.php(141): Modules\Insurance\Controllers\Insurance->updatesibling()
 7 SYSTEMPATH/CodeIgniter.php(927): Modules\Insurance\Controllers\Insurance->update()
 8 SYSTEMPATH/CodeIgniter.php(482): CodeIgniter\CodeIgniter->runController()
 9 SYSTEMPATH/CodeIgniter.php(351): CodeIgniter\CodeIgniter->handleRequest()
10 FCPATH/index.php(67): CodeIgniter\CodeIgniter->run()
ERROR - 2022-12-19 16:26:03 --> mysqli_sql_exception: Table 'ci4ombagoescom.employees_sibling' doesn't exist in /var/www/html/ci4.ombagoes.com/system/Database/MySQLi/Connection.php:292
Stack trace:
#0 /var/www/html/ci4.ombagoes.com/system/Database/MySQLi/Connection.php(292): mysqli->query()
#1 /var/www/html/ci4.ombagoes.com/system/Database/BaseConnection.php(666): CodeIgniter\Database\MySQLi\Connection->execute()
#2 /var/www/html/ci4.ombagoes.com/system/Database/BaseConnection.php(593): CodeIgniter\Database\BaseConnection->simpleQuery()
#3 /var/www/html/ci4.ombagoes.com/system/Database/BaseBuilder.php(1718): CodeIgniter\Database\BaseConnection->query()
#4 /var/www/html/ci4.ombagoes.com/Modules/Employee/Views/sibling.php(51): CodeIgniter\Database\BaseBuilder->getWhere()
#5 /var/www/html/ci4.ombagoes.com/system/View/View.php(213): include('...')
#6 /var/www/html/ci4.ombagoes.com/system/View/View.php(216): CodeIgniter\View\View->CodeIgniter\View\{closure}()
#7 /var/www/html/ci4.ombagoes.com/system/Common.php(1134): CodeIgniter\View\View->render()
#8 /var/www/html/ci4.ombagoes.com/Modules/Employee/Controllers/EmployeeSibling.php(37): view()
#9 /var/www/html/ci4.ombagoes.com/system/CodeIgniter.php(927): Modules\Employee\Controllers\EmployeeSibling->index()
#10 /var/www/html/ci4.ombagoes.com/system/CodeIgniter.php(482): CodeIgniter\CodeIgniter->runController()
#11 /var/www/html/ci4.ombagoes.com/system/CodeIgniter.php(351): CodeIgniter\CodeIgniter->handleRequest()
#12 /var/www/html/ci4.ombagoes.com/public/index.php(67): CodeIgniter\CodeIgniter->run()
#13 {main}
CRITICAL - 2022-12-19 16:26:03 --> Table 'ci4ombagoescom.employees_sibling' doesn't exist
in SYSTEMPATH/Database/MySQLi/Connection.php on line 292.
 1 SYSTEMPATH/Database/MySQLi/Connection.php(292): mysqli->query()
 2 SYSTEMPATH/Database/BaseConnection.php(666): CodeIgniter\Database\MySQLi\Connection->execute()
 3 SYSTEMPATH/Database/BaseConnection.php(593): CodeIgniter\Database\BaseConnection->simpleQuery()
 4 SYSTEMPATH/Database/BaseBuilder.php(1718): CodeIgniter\Database\BaseConnection->query()
 5 ROOTPATH/Modules/Employee/Views/sibling.php(51): CodeIgniter\Database\BaseBuilder->getWhere()
 6 SYSTEMPATH/View/View.php(213): include('ROOTPATH/Modules/Employee/Views/sibling.php')
 7 SYSTEMPATH/View/View.php(216): CodeIgniter\View\View->CodeIgniter\View\{closure}()
 8 SYSTEMPATH/Common.php(1134): CodeIgniter\View\View->render()
 9 ROOTPATH/Modules/Employee/Controllers/EmployeeSibling.php(37): view()
10 SYSTEMPATH/CodeIgniter.php(927): Modules\Employee\Controllers\EmployeeSibling->index()
11 SYSTEMPATH/CodeIgniter.php(482): CodeIgniter\CodeIgniter->runController()
12 SYSTEMPATH/CodeIgniter.php(351): CodeIgniter\CodeIgniter->handleRequest()
13 FCPATH/index.php(67): CodeIgniter\CodeIgniter->run()
ERROR - 2022-12-19 16:26:30 --> mysqli_sql_exception: Table 'ci4ombagoescom.employees_sibling' doesn't exist in /var/www/html/ci4.ombagoes.com/system/Database/MySQLi/Connection.php:292
Stack trace:
#0 /var/www/html/ci4.ombagoes.com/system/Database/MySQLi/Connection.php(292): mysqli->query()
#1 /var/www/html/ci4.ombagoes.com/system/Database/BaseConnection.php(666): CodeIgniter\Database\MySQLi\Connection->execute()
#2 /var/www/html/ci4.ombagoes.com/system/Database/BaseConnection.php(593): CodeIgniter\Database\BaseConnection->simpleQuery()
#3 /var/www/html/ci4.ombagoes.com/system/Database/BaseBuilder.php(1718): CodeIgniter\Database\BaseConnection->query()
#4 /var/www/html/ci4.ombagoes.com/Modules/Employee/Views/sibling.php(51): CodeIgniter\Database\BaseBuilder->getWhere()
#5 /var/www/html/ci4.ombagoes.com/system/View/View.php(213): include('...')
#6 /var/www/html/ci4.ombagoes.com/system/View/View.php(216): CodeIgniter\View\View->CodeIgniter\View\{closure}()
#7 /var/www/html/ci4.ombagoes.com/system/Common.php(1134): CodeIgniter\View\View->render()
#8 /var/www/html/ci4.ombagoes.com/Modules/Employee/Controllers/EmployeeSibling.php(37): view()
#9 /var/www/html/ci4.ombagoes.com/system/CodeIgniter.php(927): Modules\Employee\Controllers\EmployeeSibling->index()
#10 /var/www/html/ci4.ombagoes.com/system/CodeIgniter.php(482): CodeIgniter\CodeIgniter->runController()
#11 /var/www/html/ci4.ombagoes.com/system/CodeIgniter.php(351): CodeIgniter\CodeIgniter->handleRequest()
#12 /var/www/html/ci4.ombagoes.com/public/index.php(67): CodeIgniter\CodeIgniter->run()
#13 {main}
CRITICAL - 2022-12-19 16:26:30 --> Table 'ci4ombagoescom.employees_sibling' doesn't exist
in SYSTEMPATH/Database/MySQLi/Connection.php on line 292.
 1 SYSTEMPATH/Database/MySQLi/Connection.php(292): mysqli->query()
 2 SYSTEMPATH/Database/BaseConnection.php(666): CodeIgniter\Database\MySQLi\Connection->execute()
 3 SYSTEMPATH/Database/BaseConnection.php(593): CodeIgniter\Database\BaseConnection->simpleQuery()
 4 SYSTEMPATH/Database/BaseBuilder.php(1718): CodeIgniter\Database\BaseConnection->query()
 5 ROOTPATH/Modules/Employee/Views/sibling.php(51): CodeIgniter\Database\BaseBuilder->getWhere()
 6 SYSTEMPATH/View/View.php(213): include('ROOTPATH/Modules/Employee/Views/sibling.php')
 7 SYSTEMPATH/View/View.php(216): CodeIgniter\View\View->CodeIgniter\View\{closure}()
 8 SYSTEMPATH/Common.php(1134): CodeIgniter\View\View->render()
 9 ROOTPATH/Modules/Employee/Controllers/EmployeeSibling.php(37): view()
10 SYSTEMPATH/CodeIgniter.php(927): Modules\Employee\Controllers\EmployeeSibling->index()
11 SYSTEMPATH/CodeIgniter.php(482): CodeIgniter\CodeIgniter->runController()
12 SYSTEMPATH/CodeIgniter.php(351): CodeIgniter\CodeIgniter->handleRequest()
13 FCPATH/index.php(67): CodeIgniter\CodeIgniter->run()
