ERROR - 2022-11-25 04:39:49 --> mysqli_sql_exception: Table 'ci4ombagoescom.posts' doesn't exist in /var/www/html/ci4.ombagoes.com/system/Database/MySQLi/Connection.php:292
Stack trace:
#0 /var/www/html/ci4.ombagoes.com/system/Database/MySQLi/Connection.php(292): mysqli->query()
#1 /var/www/html/ci4.ombagoes.com/system/Database/BaseConnection.php(666): CodeIgniter\Database\MySQLi\Connection->execute()
#2 /var/www/html/ci4.ombagoes.com/system/Database/BaseConnection.php(593): CodeIgniter\Database\BaseConnection->simpleQuery()
#3 /var/www/html/ci4.ombagoes.com/system/Database/BaseBuilder.php(1669): CodeIgniter\Database\BaseConnection->query()
#4 /var/www/html/ci4.ombagoes.com/system/Model.php(551): CodeIgniter\Database\BaseBuilder->countAllResults()
#5 /var/www/html/ci4.ombagoes.com/system/BaseModel.php(1106): CodeIgniter\Model->countAllResults()
#6 /var/www/html/ci4.ombagoes.com/app/Controllers/Post.php(17): CodeIgniter\BaseModel->paginate()
#7 /var/www/html/ci4.ombagoes.com/system/CodeIgniter.php(927): App\Controllers\Post->index()
#8 /var/www/html/ci4.ombagoes.com/system/CodeIgniter.php(482): CodeIgniter\CodeIgniter->runController()
#9 /var/www/html/ci4.ombagoes.com/system/CodeIgniter.php(351): CodeIgniter\CodeIgniter->handleRequest()
#10 /var/www/html/ci4.ombagoes.com/public/index.php(67): CodeIgniter\CodeIgniter->run()
#11 {main}
CRITICAL - 2022-11-25 04:39:49 --> Table 'ci4ombagoescom.posts' doesn't exist
in SYSTEMPATH/Database/MySQLi/Connection.php on line 292.
 1 SYSTEMPATH/Database/MySQLi/Connection.php(292): mysqli->query()
 2 SYSTEMPATH/Database/BaseConnection.php(666): CodeIgniter\Database\MySQLi\Connection->execute()
 3 SYSTEMPATH/Database/BaseConnection.php(593): CodeIgniter\Database\BaseConnection->simpleQuery()
 4 SYSTEMPATH/Database/BaseBuilder.php(1669): CodeIgniter\Database\BaseConnection->query()
 5 SYSTEMPATH/Model.php(551): CodeIgniter\Database\BaseBuilder->countAllResults()
 6 SYSTEMPATH/BaseModel.php(1106): CodeIgniter\Model->countAllResults()
 7 APPPATH/Controllers/Post.php(17): CodeIgniter\BaseModel->paginate()
 8 SYSTEMPATH/CodeIgniter.php(927): App\Controllers\Post->index()
 9 SYSTEMPATH/CodeIgniter.php(482): CodeIgniter\CodeIgniter->runController()
10 SYSTEMPATH/CodeIgniter.php(351): CodeIgniter\CodeIgniter->handleRequest()
11 FCPATH/index.php(67): CodeIgniter\CodeIgniter->run()
ERROR - 2022-11-25 04:42:25 --> mysqli_sql_exception: Table 'ci4ombagoescom.posts' doesn't exist in /var/www/html/ci4.ombagoes.com/system/Database/MySQLi/Connection.php:292
Stack trace:
#0 /var/www/html/ci4.ombagoes.com/system/Database/MySQLi/Connection.php(292): mysqli->query()
#1 /var/www/html/ci4.ombagoes.com/system/Database/BaseConnection.php(666): CodeIgniter\Database\MySQLi\Connection->execute()
#2 /var/www/html/ci4.ombagoes.com/system/Database/BaseConnection.php(593): CodeIgniter\Database\BaseConnection->simpleQuery()
#3 /var/www/html/ci4.ombagoes.com/system/Database/BaseBuilder.php(1669): CodeIgniter\Database\BaseConnection->query()
#4 /var/www/html/ci4.ombagoes.com/system/Model.php(551): CodeIgniter\Database\BaseBuilder->countAllResults()
#5 /var/www/html/ci4.ombagoes.com/system/BaseModel.php(1106): CodeIgniter\Model->countAllResults()
#6 /var/www/html/ci4.ombagoes.com/app/Controllers/Post.php(17): CodeIgniter\BaseModel->paginate()
#7 /var/www/html/ci4.ombagoes.com/system/CodeIgniter.php(927): App\Controllers\Post->index()
#8 /var/www/html/ci4.ombagoes.com/system/CodeIgniter.php(482): CodeIgniter\CodeIgniter->runController()
#9 /var/www/html/ci4.ombagoes.com/system/CodeIgniter.php(351): CodeIgniter\CodeIgniter->handleRequest()
#10 /var/www/html/ci4.ombagoes.com/public/index.php(67): CodeIgniter\CodeIgniter->run()
#11 {main}
CRITICAL - 2022-11-25 04:42:25 --> Table 'ci4ombagoescom.posts' doesn't exist
in SYSTEMPATH/Database/MySQLi/Connection.php on line 292.
 1 SYSTEMPATH/Database/MySQLi/Connection.php(292): mysqli->query()
 2 SYSTEMPATH/Database/BaseConnection.php(666): CodeIgniter\Database\MySQLi\Connection->execute()
 3 SYSTEMPATH/Database/BaseConnection.php(593): CodeIgniter\Database\BaseConnection->simpleQuery()
 4 SYSTEMPATH/Database/BaseBuilder.php(1669): CodeIgniter\Database\BaseConnection->query()
 5 SYSTEMPATH/Model.php(551): CodeIgniter\Database\BaseBuilder->countAllResults()
 6 SYSTEMPATH/BaseModel.php(1106): CodeIgniter\Model->countAllResults()
 7 APPPATH/Controllers/Post.php(17): CodeIgniter\BaseModel->paginate()
 8 SYSTEMPATH/CodeIgniter.php(927): App\Controllers\Post->index()
 9 SYSTEMPATH/CodeIgniter.php(482): CodeIgniter\CodeIgniter->runController()
10 SYSTEMPATH/CodeIgniter.php(351): CodeIgniter\CodeIgniter->handleRequest()
11 FCPATH/index.php(67): CodeIgniter\CodeIgniter->run()
ERROR - 2022-11-25 04:42:27 --> mysqli_sql_exception: Table 'ci4ombagoescom.posts' doesn't exist in /var/www/html/ci4.ombagoes.com/system/Database/MySQLi/Connection.php:292
Stack trace:
#0 /var/www/html/ci4.ombagoes.com/system/Database/MySQLi/Connection.php(292): mysqli->query()
#1 /var/www/html/ci4.ombagoes.com/system/Database/BaseConnection.php(666): CodeIgniter\Database\MySQLi\Connection->execute()
#2 /var/www/html/ci4.ombagoes.com/system/Database/BaseConnection.php(593): CodeIgniter\Database\BaseConnection->simpleQuery()
#3 /var/www/html/ci4.ombagoes.com/system/Database/BaseBuilder.php(1669): CodeIgniter\Database\BaseConnection->query()
#4 /var/www/html/ci4.ombagoes.com/system/Model.php(551): CodeIgniter\Database\BaseBuilder->countAllResults()
#5 /var/www/html/ci4.ombagoes.com/system/BaseModel.php(1106): CodeIgniter\Model->countAllResults()
#6 /var/www/html/ci4.ombagoes.com/app/Controllers/Post.php(17): CodeIgniter\BaseModel->paginate()
#7 /var/www/html/ci4.ombagoes.com/system/CodeIgniter.php(927): App\Controllers\Post->index()
#8 /var/www/html/ci4.ombagoes.com/system/CodeIgniter.php(482): CodeIgniter\CodeIgniter->runController()
#9 /var/www/html/ci4.ombagoes.com/system/CodeIgniter.php(351): CodeIgniter\CodeIgniter->handleRequest()
#10 /var/www/html/ci4.ombagoes.com/public/index.php(67): CodeIgniter\CodeIgniter->run()
#11 {main}
CRITICAL - 2022-11-25 04:42:27 --> Table 'ci4ombagoescom.posts' doesn't exist
in SYSTEMPATH/Database/MySQLi/Connection.php on line 292.
 1 SYSTEMPATH/Database/MySQLi/Connection.php(292): mysqli->query()
 2 SYSTEMPATH/Database/BaseConnection.php(666): CodeIgniter\Database\MySQLi\Connection->execute()
 3 SYSTEMPATH/Database/BaseConnection.php(593): CodeIgniter\Database\BaseConnection->simpleQuery()
 4 SYSTEMPATH/Database/BaseBuilder.php(1669): CodeIgniter\Database\BaseConnection->query()
 5 SYSTEMPATH/Model.php(551): CodeIgniter\Database\BaseBuilder->countAllResults()
 6 SYSTEMPATH/BaseModel.php(1106): CodeIgniter\Model->countAllResults()
 7 APPPATH/Controllers/Post.php(17): CodeIgniter\BaseModel->paginate()
 8 SYSTEMPATH/CodeIgniter.php(927): App\Controllers\Post->index()
 9 SYSTEMPATH/CodeIgniter.php(482): CodeIgniter\CodeIgniter->runController()
10 SYSTEMPATH/CodeIgniter.php(351): CodeIgniter\CodeIgniter->handleRequest()
11 FCPATH/index.php(67): CodeIgniter\CodeIgniter->run()
CRITICAL - 2022-11-25 04:46:46 --> Invalid file: product_view.php
in SYSTEMPATH/Exceptions/FrameworkException.php on line 33.
 1 SYSTEMPATH/View/View.php(201): CodeIgniter\Exceptions\FrameworkException::forInvalidFile()
 2 SYSTEMPATH/Common.php(1134): CodeIgniter\View\View->render()
 3 APPPATH/Controllers/Post.php(20): view()
 4 SYSTEMPATH/CodeIgniter.php(927): App\Controllers\Post->index()
 5 SYSTEMPATH/CodeIgniter.php(482): CodeIgniter\CodeIgniter->runController()
 6 SYSTEMPATH/CodeIgniter.php(351): CodeIgniter\CodeIgniter->handleRequest()
 7 FCPATH/index.php(67): CodeIgniter\CodeIgniter->run()
CRITICAL - 2022-11-25 04:47:13 --> Invalid file: App\Views\Pagers\bootstrap_pagination.php
in SYSTEMPATH/Exceptions/FrameworkException.php on line 33.
 1 SYSTEMPATH/View/View.php(201): CodeIgniter\Exceptions\FrameworkException::forInvalidFile()
 2 SYSTEMPATH/Pager/Pager.php(126): CodeIgniter\View\View->render()
 3 SYSTEMPATH/Pager/Pager.php(83): CodeIgniter\Pager\Pager->displayLinks()
 4 APPPATH/Views/post_view.php(39): CodeIgniter\Pager\Pager->links()
 5 SYSTEMPATH/View/View.php(213): include('APPPATH/Views/post_view.php')
 6 SYSTEMPATH/View/View.php(216): CodeIgniter\View\View->CodeIgniter\View\{closure}()
 7 SYSTEMPATH/Common.php(1134): CodeIgniter\View\View->render()
 8 APPPATH/Controllers/Post.php(20): view()
 9 SYSTEMPATH/CodeIgniter.php(927): App\Controllers\Post->index()
10 SYSTEMPATH/CodeIgniter.php(482): CodeIgniter\CodeIgniter->runController()
11 SYSTEMPATH/CodeIgniter.php(351): CodeIgniter\CodeIgniter->handleRequest()
12 FCPATH/index.php(67): CodeIgniter\CodeIgniter->run()
CRITICAL - 2022-11-25 05:19:04 --> Invalid file: post\post_view.php
in SYSTEMPATH/Exceptions/FrameworkException.php on line 33.
 1 SYSTEMPATH/View/View.php(201): CodeIgniter\Exceptions\FrameworkException::forInvalidFile()
 2 SYSTEMPATH/Common.php(1134): CodeIgniter\View\View->render()
 3 APPPATH/Controllers/Post.php(20): view()
 4 SYSTEMPATH/CodeIgniter.php(927): App\Controllers\Post->index()
 5 SYSTEMPATH/CodeIgniter.php(482): CodeIgniter\CodeIgniter->runController()
 6 SYSTEMPATH/CodeIgniter.php(351): CodeIgniter\CodeIgniter->handleRequest()
 7 FCPATH/index.php(67): CodeIgniter\CodeIgniter->run()
CRITICAL - 2022-11-25 05:19:29 --> Invalid file: post-create.php
in SYSTEMPATH/Exceptions/FrameworkException.php on line 33.
 1 SYSTEMPATH/View/View.php(201): CodeIgniter\Exceptions\FrameworkException::forInvalidFile()
 2 SYSTEMPATH/Common.php(1134): CodeIgniter\View\View->render()
 3 APPPATH/Controllers/Post.php(73): view()
 4 SYSTEMPATH/CodeIgniter.php(927): App\Controllers\Post->create()
 5 SYSTEMPATH/CodeIgniter.php(482): CodeIgniter\CodeIgniter->runController()
 6 SYSTEMPATH/CodeIgniter.php(351): CodeIgniter\CodeIgniter->handleRequest()
 7 FCPATH/index.php(67): CodeIgniter\CodeIgniter->run()
CRITICAL - 2022-11-25 05:20:50 --> Undefined variable $data
in APPPATH/Controllers/Post.php on line 40.
 1 APPPATH/Controllers/Post.php(40): CodeIgniter\Debug\Exceptions->errorHandler()
 2 SYSTEMPATH/CodeIgniter.php(927): App\Controllers\Post->new()
 3 SYSTEMPATH/CodeIgniter.php(482): CodeIgniter\CodeIgniter->runController()
 4 SYSTEMPATH/CodeIgniter.php(351): CodeIgniter\CodeIgniter->handleRequest()
 5 FCPATH/index.php(67): CodeIgniter\CodeIgniter->run()
CRITICAL - 2022-11-25 05:22:05 --> Undefined variable $postModel
in APPPATH/Controllers/Post.php on line 78.
 1 APPPATH/Controllers/Post.php(78): CodeIgniter\Debug\Exceptions->errorHandler()
 2 SYSTEMPATH/CodeIgniter.php(927): App\Controllers\Post->create()
 3 SYSTEMPATH/CodeIgniter.php(482): CodeIgniter\CodeIgniter->runController()
 4 SYSTEMPATH/CodeIgniter.php(351): CodeIgniter\CodeIgniter->handleRequest()
 5 FCPATH/index.php(67): CodeIgniter\CodeIgniter->run()
CRITICAL - 2022-11-25 09:39:22 --> Undefined variable $edit
in APPPATH/Views/post/post_view.php on line 32.
 1 APPPATH/Views/post/post_view.php(32): CodeIgniter\Debug\Exceptions->errorHandler()
 2 SYSTEMPATH/View/View.php(213): include('APPPATH/Views/post/post_view.php')
 3 SYSTEMPATH/View/View.php(216): CodeIgniter\View\View->CodeIgniter\View\{closure}()
 4 SYSTEMPATH/Common.php(1134): CodeIgniter\View\View->render()
 5 APPPATH/Controllers/Post.php(20): view()
 6 SYSTEMPATH/CodeIgniter.php(927): App\Controllers\Post->index()
 7 SYSTEMPATH/CodeIgniter.php(482): CodeIgniter\CodeIgniter->runController()
 8 SYSTEMPATH/CodeIgniter.php(351): CodeIgniter\CodeIgniter->handleRequest()
 9 FCPATH/index.php(67): CodeIgniter\CodeIgniter->run()
CRITICAL - 2022-11-25 09:50:15 --> Undefined variable $post
in APPPATH/Controllers/Post.php on line 149.
 1 APPPATH/Controllers/Post.php(149): CodeIgniter\Debug\Exceptions->errorHandler()
 2 SYSTEMPATH/CodeIgniter.php(927): App\Controllers\Post->delete()
 3 SYSTEMPATH/CodeIgniter.php(482): CodeIgniter\CodeIgniter->runController()
 4 SYSTEMPATH/CodeIgniter.php(351): CodeIgniter\CodeIgniter->handleRequest()
 5 FCPATH/index.php(67): CodeIgniter\CodeIgniter->run()
CRITICAL - 2022-11-25 09:51:21 --> Call to a member function delete() on array
in APPPATH/Controllers/Post.php on line 150.
 1 SYSTEMPATH/CodeIgniter.php(927): App\Controllers\Post->delete()
 2 SYSTEMPATH/CodeIgniter.php(482): CodeIgniter\CodeIgniter->runController()
 3 SYSTEMPATH/CodeIgniter.php(351): CodeIgniter\CodeIgniter->handleRequest()
 4 FCPATH/index.php(67): CodeIgniter\CodeIgniter->run()
CRITICAL - 2022-11-25 09:55:26 --> Call to a member function delete() on array
in APPPATH/Controllers/Post.php on line 151.
 1 SYSTEMPATH/CodeIgniter.php(927): App\Controllers\Post->delete()
 2 SYSTEMPATH/CodeIgniter.php(482): CodeIgniter\CodeIgniter->runController()
 3 SYSTEMPATH/CodeIgniter.php(351): CodeIgniter\CodeIgniter->handleRequest()
 4 FCPATH/index.php(67): CodeIgniter\CodeIgniter->run()
CRITICAL - 2022-11-25 10:39:02 --> Invalid file: sample_view.php
in SYSTEMPATH/Exceptions/FrameworkException.php on line 33.
 1 SYSTEMPATH/View/View.php(201): CodeIgniter\Exceptions\FrameworkException::forInvalidFile()
 2 SYSTEMPATH/Common.php(1134): CodeIgniter\View\View->render()
 3 ROOTPATH/Modules/User/Controllers/UserController.php(11): view()
 4 SYSTEMPATH/CodeIgniter.php(927): Modules\User\Controllers\UserController->index()
 5 SYSTEMPATH/CodeIgniter.php(482): CodeIgniter\CodeIgniter->runController()
 6 SYSTEMPATH/CodeIgniter.php(351): CodeIgniter\CodeIgniter->handleRequest()
 7 FCPATH/index.php(67): CodeIgniter\CodeIgniter->run()
CRITICAL - 2022-11-25 11:14:11 --> The route for "/home/login" cannot be found.
in SYSTEMPATH/HTTP/RedirectResponse.php on line 60.
 1 SYSTEMPATH/HTTP/RedirectResponse.php(60): CodeIgniter\HTTP\Exceptions\HTTPException::forInvalidRedirectRoute()
 2 SYSTEMPATH/Common.php(860): CodeIgniter\HTTP\RedirectResponse->route()
 3 ROOTPATH/Modules/User/Controllers/UserController.php(14): redirect()
 4 SYSTEMPATH/CodeIgniter.php(927): Modules\User\Controllers\UserController->index()
 5 SYSTEMPATH/CodeIgniter.php(482): CodeIgniter\CodeIgniter->runController()
 6 SYSTEMPATH/CodeIgniter.php(351): CodeIgniter\CodeIgniter->handleRequest()
 7 FCPATH/index.php(67): CodeIgniter\CodeIgniter->run()
