CRITICAL - 2022-12-20 10:18:10 --> Trying to access array offset on value of type null
in ROOTPATH/Modules/Insurance/Controllers/Insurance.php on line 32.
 1 ROOTPATH/Modules/Insurance/Controllers/Insurance.php(32): CodeIgniter\Debug\Exceptions->errorHandler()
 2 SYSTEMPATH/CodeIgniter.php(927): Modules\Insurance\Controllers\Insurance->index()
 3 SYSTEMPATH/CodeIgniter.php(482): CodeIgniter\CodeIgniter->runController()
 4 SYSTEMPATH/CodeIgniter.php(351): CodeIgniter\CodeIgniter->handleRequest()
 5 FCPATH/index.php(67): CodeIgniter\CodeIgniter->run()
CRITICAL - 2022-12-20 10:18:54 --> Trying to access array offset on value of type null
in ROOTPATH/Modules/Insurance/Controllers/Insurance.php on line 32.
 1 ROOTPATH/Modules/Insurance/Controllers/Insurance.php(32): CodeIgniter\Debug\Exceptions->errorHandler()
 2 SYSTEMPATH/CodeIgniter.php(927): Modules\Insurance\Controllers\Insurance->index()
 3 SYSTEMPATH/CodeIgniter.php(482): CodeIgniter\CodeIgniter->runController()
 4 SYSTEMPATH/CodeIgniter.php(351): CodeIgniter\CodeIgniter->handleRequest()
 5 FCPATH/index.php(67): CodeIgniter\CodeIgniter->run()
CRITICAL - 2022-12-20 10:19:42 --> Trying to access array offset on value of type null
in ROOTPATH/Modules/Insurance/Controllers/Insurance.php on line 32.
 1 ROOTPATH/Modules/Insurance/Controllers/Insurance.php(32): CodeIgniter\Debug\Exceptions->errorHandler()
 2 SYSTEMPATH/CodeIgniter.php(927): Modules\Insurance\Controllers\Insurance->index()
 3 SYSTEMPATH/CodeIgniter.php(482): CodeIgniter\CodeIgniter->runController()
 4 SYSTEMPATH/CodeIgniter.php(351): CodeIgniter\CodeIgniter->handleRequest()
 5 FCPATH/index.php(67): CodeIgniter\CodeIgniter->run()
CRITICAL - 2022-12-20 10:20:20 --> Trying to access array offset on value of type null
in ROOTPATH/Modules/Insurance/Controllers/Insurance.php on line 32.
 1 ROOTPATH/Modules/Insurance/Controllers/Insurance.php(32): CodeIgniter\Debug\Exceptions->errorHandler()
 2 SYSTEMPATH/CodeIgniter.php(927): Modules\Insurance\Controllers\Insurance->index()
 3 SYSTEMPATH/CodeIgniter.php(482): CodeIgniter\CodeIgniter->runController()
 4 SYSTEMPATH/CodeIgniter.php(351): CodeIgniter\CodeIgniter->handleRequest()
 5 FCPATH/index.php(67): CodeIgniter\CodeIgniter->run()
CRITICAL - 2022-12-20 10:21:06 --> Trying to access array offset on value of type null
in ROOTPATH/Modules/Insurance/Controllers/Insurance.php on line 32.
 1 ROOTPATH/Modules/Insurance/Controllers/Insurance.php(32): CodeIgniter\Debug\Exceptions->errorHandler()
 2 SYSTEMPATH/CodeIgniter.php(927): Modules\Insurance\Controllers\Insurance->index()
 3 SYSTEMPATH/CodeIgniter.php(482): CodeIgniter\CodeIgniter->runController()
 4 SYSTEMPATH/CodeIgniter.php(351): CodeIgniter\CodeIgniter->handleRequest()
 5 FCPATH/index.php(67): CodeIgniter\CodeIgniter->run()
CRITICAL - 2022-12-20 10:21:21 --> Call to a member function getPerm() on null
in ROOTPATH/Modules/Insurance/Controllers/Insurance.php on line 32.
 1 SYSTEMPATH/CodeIgniter.php(927): Modules\Insurance\Controllers\Insurance->index()
 2 SYSTEMPATH/CodeIgniter.php(482): CodeIgniter\CodeIgniter->runController()
 3 SYSTEMPATH/CodeIgniter.php(351): CodeIgniter\CodeIgniter->handleRequest()
 4 FCPATH/index.php(67): CodeIgniter\CodeIgniter->run()
CRITICAL - 2022-12-20 10:21:22 --> Call to a member function getPerm() on null
in ROOTPATH/Modules/Insurance/Controllers/Insurance.php on line 32.
 1 SYSTEMPATH/CodeIgniter.php(927): Modules\Insurance\Controllers\Insurance->index()
 2 SYSTEMPATH/CodeIgniter.php(482): CodeIgniter\CodeIgniter->runController()
 3 SYSTEMPATH/CodeIgniter.php(351): CodeIgniter\CodeIgniter->handleRequest()
 4 FCPATH/index.php(67): CodeIgniter\CodeIgniter->run()
CRITICAL - 2022-12-20 10:23:01 --> Call to a member function table() on null
in APPPATH/Libraries/UserPerm.php on line 36.
 1 ROOTPATH/Modules/Insurance/Controllers/Insurance.php(25): App\Libraries\UserPerm->getModule()
 2 SYSTEMPATH/CodeIgniter.php(889): Modules\Insurance\Controllers\Insurance->__construct()
 3 SYSTEMPATH/CodeIgniter.php(473): CodeIgniter\CodeIgniter->createController()
 4 SYSTEMPATH/CodeIgniter.php(351): CodeIgniter\CodeIgniter->handleRequest()
 5 FCPATH/index.php(67): CodeIgniter\CodeIgniter->run()
CRITICAL - 2022-12-20 10:23:02 --> Call to a member function table() on null
in APPPATH/Libraries/UserPerm.php on line 36.
 1 ROOTPATH/Modules/Insurance/Controllers/Insurance.php(25): App\Libraries\UserPerm->getModule()
 2 SYSTEMPATH/CodeIgniter.php(889): Modules\Insurance\Controllers\Insurance->__construct()
 3 SYSTEMPATH/CodeIgniter.php(473): CodeIgniter\CodeIgniter->createController()
 4 SYSTEMPATH/CodeIgniter.php(351): CodeIgniter\CodeIgniter->handleRequest()
 5 FCPATH/index.php(67): CodeIgniter\CodeIgniter->run()
CRITICAL - 2022-12-20 10:23:38 --> Cannot use object of type CodeIgniter\HTTP\RedirectResponse as array
in ROOTPATH/Modules/Insurance/Views/dataview.php on line 25.
 1 SYSTEMPATH/View/View.php(213): include()
 2 SYSTEMPATH/View/View.php(216): CodeIgniter\View\View->CodeIgniter\View\{closure}()
 3 SYSTEMPATH/Common.php(1134): CodeIgniter\View\View->render()
 4 ROOTPATH/Modules/Insurance/Controllers/Insurance.php(34): view()
 5 SYSTEMPATH/CodeIgniter.php(927): Modules\Insurance\Controllers\Insurance->index()
 6 SYSTEMPATH/CodeIgniter.php(482): CodeIgniter\CodeIgniter->runController()
 7 SYSTEMPATH/CodeIgniter.php(351): CodeIgniter\CodeIgniter->handleRequest()
 8 FCPATH/index.php(67): CodeIgniter\CodeIgniter->run()
CRITICAL - 2022-12-20 12:41:43 --> Call to undefined function easyui_combobox_master()
in ROOTPATH/Modules/Loan/Views/dataview.php on line 44.
 1 SYSTEMPATH/View/View.php(213): include()
 2 SYSTEMPATH/View/View.php(216): CodeIgniter\View\View->CodeIgniter\View\{closure}()
 3 SYSTEMPATH/Common.php(1134): CodeIgniter\View\View->render()
 4 ROOTPATH/Modules/Loan/Controllers/Loan.php(36): view()
 5 SYSTEMPATH/CodeIgniter.php(927): Modules\Loan\Controllers\Loan->index()
 6 SYSTEMPATH/CodeIgniter.php(482): CodeIgniter\CodeIgniter->runController()
 7 SYSTEMPATH/CodeIgniter.php(351): CodeIgniter\CodeIgniter->handleRequest()
 8 FCPATH/index.php(67): CodeIgniter\CodeIgniter->run()
CRITICAL - 2022-12-20 13:50:33 --> Call to undefined function easyui_card_numberbox()
in ROOTPATH/Modules/Insurance/Views/dataview.php on line 71.
 1 SYSTEMPATH/View/View.php(213): include()
 2 SYSTEMPATH/View/View.php(216): CodeIgniter\View\View->CodeIgniter\View\{closure}()
 3 SYSTEMPATH/Common.php(1134): CodeIgniter\View\View->render()
 4 ROOTPATH/Modules/Insurance/Controllers/Insurance.php(37): view()
 5 SYSTEMPATH/CodeIgniter.php(927): Modules\Insurance\Controllers\Insurance->index()
 6 SYSTEMPATH/CodeIgniter.php(482): CodeIgniter\CodeIgniter->runController()
 7 SYSTEMPATH/CodeIgniter.php(351): CodeIgniter\CodeIgniter->handleRequest()
 8 FCPATH/index.php(67): CodeIgniter\CodeIgniter->run()
CRITICAL - 2022-12-20 13:50:49 --> Call to undefined function easyui_card_numberbox()
in ROOTPATH/Modules/Insurance/Views/dataview.php on line 71.
 1 SYSTEMPATH/View/View.php(213): include()
 2 SYSTEMPATH/View/View.php(216): CodeIgniter\View\View->CodeIgniter\View\{closure}()
 3 SYSTEMPATH/Common.php(1134): CodeIgniter\View\View->render()
 4 ROOTPATH/Modules/Insurance/Controllers/Insurance.php(37): view()
 5 SYSTEMPATH/CodeIgniter.php(927): Modules\Insurance\Controllers\Insurance->index()
 6 SYSTEMPATH/CodeIgniter.php(482): CodeIgniter\CodeIgniter->runController()
 7 SYSTEMPATH/CodeIgniter.php(351): CodeIgniter\CodeIgniter->handleRequest()
 8 FCPATH/index.php(67): CodeIgniter\CodeIgniter->run()
CRITICAL - 2022-12-20 13:51:04 --> Call to undefined function easyui_card_numberbox()
in ROOTPATH/Modules/Insurance/Views/dataview.php on line 89.
 1 SYSTEMPATH/View/View.php(213): include()
 2 SYSTEMPATH/View/View.php(216): CodeIgniter\View\View->CodeIgniter\View\{closure}()
 3 SYSTEMPATH/Common.php(1134): CodeIgniter\View\View->render()
 4 ROOTPATH/Modules/Insurance/Controllers/Insurance.php(37): view()
 5 SYSTEMPATH/CodeIgniter.php(927): Modules\Insurance\Controllers\Insurance->index()
 6 SYSTEMPATH/CodeIgniter.php(482): CodeIgniter\CodeIgniter->runController()
 7 SYSTEMPATH/CodeIgniter.php(351): CodeIgniter\CodeIgniter->handleRequest()
 8 FCPATH/index.php(67): CodeIgniter\CodeIgniter->run()
ERROR - 2022-12-20 13:51:17 --> mysqli_sql_exception: Unknown column 'eid_card_number' in 'field list' in /var/www/html/ci4.ombagoes.com/system/Database/MySQLi/Connection.php:292
Stack trace:
#0 /var/www/html/ci4.ombagoes.com/system/Database/MySQLi/Connection.php(292): mysqli->query()
#1 /var/www/html/ci4.ombagoes.com/system/Database/BaseConnection.php(666): CodeIgniter\Database\MySQLi\Connection->execute()
#2 /var/www/html/ci4.ombagoes.com/system/Database/BaseConnection.php(593): CodeIgniter\Database\BaseConnection->simpleQuery()
#3 /var/www/html/ci4.ombagoes.com/Modules/Insurance/Controllers/Insurance.php(75): CodeIgniter\Database\BaseConnection->query()
#4 /var/www/html/ci4.ombagoes.com/system/CodeIgniter.php(927): Modules\Insurance\Controllers\Insurance->get_data()
#5 /var/www/html/ci4.ombagoes.com/system/CodeIgniter.php(482): CodeIgniter\CodeIgniter->runController()
#6 /var/www/html/ci4.ombagoes.com/system/CodeIgniter.php(351): CodeIgniter\CodeIgniter->handleRequest()
#7 /var/www/html/ci4.ombagoes.com/public/index.php(67): CodeIgniter\CodeIgniter->run()
#8 {main}
CRITICAL - 2022-12-20 13:51:17 --> Unknown column 'eid_card_number' in 'field list'
in SYSTEMPATH/Database/MySQLi/Connection.php on line 292.
 1 SYSTEMPATH/Database/MySQLi/Connection.php(292): mysqli->query()
 2 SYSTEMPATH/Database/BaseConnection.php(666): CodeIgniter\Database\MySQLi\Connection->execute()
 3 SYSTEMPATH/Database/BaseConnection.php(593): CodeIgniter\Database\BaseConnection->simpleQuery()
 4 ROOTPATH/Modules/Insurance/Controllers/Insurance.php(75): CodeIgniter\Database\BaseConnection->query()
 5 SYSTEMPATH/CodeIgniter.php(927): Modules\Insurance\Controllers\Insurance->get_data()
 6 SYSTEMPATH/CodeIgniter.php(482): CodeIgniter\CodeIgniter->runController()
 7 SYSTEMPATH/CodeIgniter.php(351): CodeIgniter\CodeIgniter->handleRequest()
 8 FCPATH/index.php(67): CodeIgniter\CodeIgniter->run()
ERROR - 2022-12-20 13:51:54 --> mysqli_sql_exception: Unknown column 'eid_card_number' in 'field list' in /var/www/html/ci4.ombagoes.com/system/Database/MySQLi/Connection.php:292
Stack trace:
#0 /var/www/html/ci4.ombagoes.com/system/Database/MySQLi/Connection.php(292): mysqli->query()
#1 /var/www/html/ci4.ombagoes.com/system/Database/BaseConnection.php(666): CodeIgniter\Database\MySQLi\Connection->execute()
#2 /var/www/html/ci4.ombagoes.com/system/Database/BaseConnection.php(593): CodeIgniter\Database\BaseConnection->simpleQuery()
#3 /var/www/html/ci4.ombagoes.com/Modules/Insurance/Controllers/Insurance.php(75): CodeIgniter\Database\BaseConnection->query()
#4 /var/www/html/ci4.ombagoes.com/system/CodeIgniter.php(927): Modules\Insurance\Controllers\Insurance->get_data()
#5 /var/www/html/ci4.ombagoes.com/system/CodeIgniter.php(482): CodeIgniter\CodeIgniter->runController()
#6 /var/www/html/ci4.ombagoes.com/system/CodeIgniter.php(351): CodeIgniter\CodeIgniter->handleRequest()
#7 /var/www/html/ci4.ombagoes.com/public/index.php(67): CodeIgniter\CodeIgniter->run()
#8 {main}
CRITICAL - 2022-12-20 13:51:54 --> Unknown column 'eid_card_number' in 'field list'
in SYSTEMPATH/Database/MySQLi/Connection.php on line 292.
 1 SYSTEMPATH/Database/MySQLi/Connection.php(292): mysqli->query()
 2 SYSTEMPATH/Database/BaseConnection.php(666): CodeIgniter\Database\MySQLi\Connection->execute()
 3 SYSTEMPATH/Database/BaseConnection.php(593): CodeIgniter\Database\BaseConnection->simpleQuery()
 4 ROOTPATH/Modules/Insurance/Controllers/Insurance.php(75): CodeIgniter\Database\BaseConnection->query()
 5 SYSTEMPATH/CodeIgniter.php(927): Modules\Insurance\Controllers\Insurance->get_data()
 6 SYSTEMPATH/CodeIgniter.php(482): CodeIgniter\CodeIgniter->runController()
 7 SYSTEMPATH/CodeIgniter.php(351): CodeIgniter\CodeIgniter->handleRequest()
 8 FCPATH/index.php(67): CodeIgniter\CodeIgniter->run()
ERROR - 2022-12-20 13:52:28 --> mysqli_sql_exception: Unknown column 'eid_card_number' in 'field list' in /var/www/html/ci4.ombagoes.com/system/Database/MySQLi/Connection.php:292
Stack trace:
#0 /var/www/html/ci4.ombagoes.com/system/Database/MySQLi/Connection.php(292): mysqli->query()
#1 /var/www/html/ci4.ombagoes.com/system/Database/BaseConnection.php(666): CodeIgniter\Database\MySQLi\Connection->execute()
#2 /var/www/html/ci4.ombagoes.com/system/Database/BaseConnection.php(593): CodeIgniter\Database\BaseConnection->simpleQuery()
#3 /var/www/html/ci4.ombagoes.com/Modules/Insurance/Controllers/Insurance.php(75): CodeIgniter\Database\BaseConnection->query()
#4 /var/www/html/ci4.ombagoes.com/system/CodeIgniter.php(927): Modules\Insurance\Controllers\Insurance->get_data()
#5 /var/www/html/ci4.ombagoes.com/system/CodeIgniter.php(482): CodeIgniter\CodeIgniter->runController()
#6 /var/www/html/ci4.ombagoes.com/system/CodeIgniter.php(351): CodeIgniter\CodeIgniter->handleRequest()
#7 /var/www/html/ci4.ombagoes.com/public/index.php(67): CodeIgniter\CodeIgniter->run()
#8 {main}
CRITICAL - 2022-12-20 13:52:28 --> Unknown column 'eid_card_number' in 'field list'
in SYSTEMPATH/Database/MySQLi/Connection.php on line 292.
 1 SYSTEMPATH/Database/MySQLi/Connection.php(292): mysqli->query()
 2 SYSTEMPATH/Database/BaseConnection.php(666): CodeIgniter\Database\MySQLi\Connection->execute()
 3 SYSTEMPATH/Database/BaseConnection.php(593): CodeIgniter\Database\BaseConnection->simpleQuery()
 4 ROOTPATH/Modules/Insurance/Controllers/Insurance.php(75): CodeIgniter\Database\BaseConnection->query()
 5 SYSTEMPATH/CodeIgniter.php(927): Modules\Insurance\Controllers\Insurance->get_data()
 6 SYSTEMPATH/CodeIgniter.php(482): CodeIgniter\CodeIgniter->runController()
 7 SYSTEMPATH/CodeIgniter.php(351): CodeIgniter\CodeIgniter->handleRequest()
 8 FCPATH/index.php(67): CodeIgniter\CodeIgniter->run()
ERROR - 2022-12-20 13:52:53 --> mysqli_sql_exception: Unknown column 'eid_card_number' in 'field list' in /var/www/html/ci4.ombagoes.com/system/Database/MySQLi/Connection.php:292
Stack trace:
#0 /var/www/html/ci4.ombagoes.com/system/Database/MySQLi/Connection.php(292): mysqli->query()
#1 /var/www/html/ci4.ombagoes.com/system/Database/BaseConnection.php(666): CodeIgniter\Database\MySQLi\Connection->execute()
#2 /var/www/html/ci4.ombagoes.com/system/Database/BaseConnection.php(593): CodeIgniter\Database\BaseConnection->simpleQuery()
#3 /var/www/html/ci4.ombagoes.com/Modules/Insurance/Controllers/Insurance.php(75): CodeIgniter\Database\BaseConnection->query()
#4 /var/www/html/ci4.ombagoes.com/system/CodeIgniter.php(927): Modules\Insurance\Controllers\Insurance->get_data()
#5 /var/www/html/ci4.ombagoes.com/system/CodeIgniter.php(482): CodeIgniter\CodeIgniter->runController()
#6 /var/www/html/ci4.ombagoes.com/system/CodeIgniter.php(351): CodeIgniter\CodeIgniter->handleRequest()
#7 /var/www/html/ci4.ombagoes.com/public/index.php(67): CodeIgniter\CodeIgniter->run()
#8 {main}
CRITICAL - 2022-12-20 13:52:53 --> Unknown column 'eid_card_number' in 'field list'
in SYSTEMPATH/Database/MySQLi/Connection.php on line 292.
 1 SYSTEMPATH/Database/MySQLi/Connection.php(292): mysqli->query()
 2 SYSTEMPATH/Database/BaseConnection.php(666): CodeIgniter\Database\MySQLi\Connection->execute()
 3 SYSTEMPATH/Database/BaseConnection.php(593): CodeIgniter\Database\BaseConnection->simpleQuery()
 4 ROOTPATH/Modules/Insurance/Controllers/Insurance.php(75): CodeIgniter\Database\BaseConnection->query()
 5 SYSTEMPATH/CodeIgniter.php(927): Modules\Insurance\Controllers\Insurance->get_data()
 6 SYSTEMPATH/CodeIgniter.php(482): CodeIgniter\CodeIgniter->runController()
 7 SYSTEMPATH/CodeIgniter.php(351): CodeIgniter\CodeIgniter->handleRequest()
 8 FCPATH/index.php(67): CodeIgniter\CodeIgniter->run()
ERROR - 2022-12-20 13:53:05 --> mysqli_sql_exception: Unknown column 'eid_card_number' in 'field list' in /var/www/html/ci4.ombagoes.com/system/Database/MySQLi/Connection.php:292
Stack trace:
#0 /var/www/html/ci4.ombagoes.com/system/Database/MySQLi/Connection.php(292): mysqli->query()
#1 /var/www/html/ci4.ombagoes.com/system/Database/BaseConnection.php(666): CodeIgniter\Database\MySQLi\Connection->execute()
#2 /var/www/html/ci4.ombagoes.com/system/Database/BaseConnection.php(593): CodeIgniter\Database\BaseConnection->simpleQuery()
#3 /var/www/html/ci4.ombagoes.com/Modules/Insurance/Controllers/Insurance.php(75): CodeIgniter\Database\BaseConnection->query()
#4 /var/www/html/ci4.ombagoes.com/system/CodeIgniter.php(927): Modules\Insurance\Controllers\Insurance->get_data()
#5 /var/www/html/ci4.ombagoes.com/system/CodeIgniter.php(482): CodeIgniter\CodeIgniter->runController()
#6 /var/www/html/ci4.ombagoes.com/system/CodeIgniter.php(351): CodeIgniter\CodeIgniter->handleRequest()
#7 /var/www/html/ci4.ombagoes.com/public/index.php(67): CodeIgniter\CodeIgniter->run()
#8 {main}
CRITICAL - 2022-12-20 13:53:05 --> Unknown column 'eid_card_number' in 'field list'
in SYSTEMPATH/Database/MySQLi/Connection.php on line 292.
 1 SYSTEMPATH/Database/MySQLi/Connection.php(292): mysqli->query()
 2 SYSTEMPATH/Database/BaseConnection.php(666): CodeIgniter\Database\MySQLi\Connection->execute()
 3 SYSTEMPATH/Database/BaseConnection.php(593): CodeIgniter\Database\BaseConnection->simpleQuery()
 4 ROOTPATH/Modules/Insurance/Controllers/Insurance.php(75): CodeIgniter\Database\BaseConnection->query()
 5 SYSTEMPATH/CodeIgniter.php(927): Modules\Insurance\Controllers\Insurance->get_data()
 6 SYSTEMPATH/CodeIgniter.php(482): CodeIgniter\CodeIgniter->runController()
 7 SYSTEMPATH/CodeIgniter.php(351): CodeIgniter\CodeIgniter->handleRequest()
 8 FCPATH/index.php(67): CodeIgniter\CodeIgniter->run()
CRITICAL - 2022-12-20 17:55:24 --> Class "Modules\Bpjs\Models\MBpjsKS" not found
in ROOTPATH/Modules/Bpjs/Controllers/Bpjs.php on line 23.
 1 SYSTEMPATH/CodeIgniter.php(889): Modules\Bpjs\Controllers\Bpjs->__construct()
 2 SYSTEMPATH/CodeIgniter.php(473): CodeIgniter\CodeIgniter->createController()
 3 SYSTEMPATH/CodeIgniter.php(351): CodeIgniter\CodeIgniter->handleRequest()
 4 FCPATH/index.php(67): CodeIgniter\CodeIgniter->run()
ERROR - 2022-12-20 18:09:57 --> mysqli_sql_exception: Unknown column 'card_number' in 'field list' in /var/www/html/ci4.ombagoes.com/system/Database/MySQLi/Connection.php:292
Stack trace:
#0 /var/www/html/ci4.ombagoes.com/system/Database/MySQLi/Connection.php(292): mysqli->query()
#1 /var/www/html/ci4.ombagoes.com/system/Database/BaseConnection.php(666): CodeIgniter\Database\MySQLi\Connection->execute()
#2 /var/www/html/ci4.ombagoes.com/system/Database/BaseConnection.php(593): CodeIgniter\Database\BaseConnection->simpleQuery()
#3 /var/www/html/ci4.ombagoes.com/system/Database/BaseBuilder.php(1916): CodeIgniter\Database\BaseConnection->query()
#4 /var/www/html/ci4.ombagoes.com/system/Model.php(279): CodeIgniter\Database\BaseBuilder->insert()
#5 /var/www/html/ci4.ombagoes.com/system/BaseModel.php(749): CodeIgniter\Model->doInsert()
#6 /var/www/html/ci4.ombagoes.com/system/Model.php(667): CodeIgniter\BaseModel->insert()
#7 /var/www/html/ci4.ombagoes.com/system/BaseModel.php(659): CodeIgniter\Model->insert()
#8 /var/www/html/ci4.ombagoes.com/Modules/Bpjs/Controllers/Bpjs.php(110): CodeIgniter\BaseModel->save()
#9 /var/www/html/ci4.ombagoes.com/system/CodeIgniter.php(927): Modules\Bpjs\Controllers\Bpjs->create()
#10 /var/www/html/ci4.ombagoes.com/system/CodeIgniter.php(482): CodeIgniter\CodeIgniter->runController()
#11 /var/www/html/ci4.ombagoes.com/system/CodeIgniter.php(351): CodeIgniter\CodeIgniter->handleRequest()
#12 /var/www/html/ci4.ombagoes.com/public/index.php(67): CodeIgniter\CodeIgniter->run()
#13 {main}
CRITICAL - 2022-12-20 18:09:57 --> Unknown column 'card_number' in 'field list'
in SYSTEMPATH/Database/MySQLi/Connection.php on line 292.
 1 SYSTEMPATH/Database/MySQLi/Connection.php(292): mysqli->query()
 2 SYSTEMPATH/Database/BaseConnection.php(666): CodeIgniter\Database\MySQLi\Connection->execute()
 3 SYSTEMPATH/Database/BaseConnection.php(593): CodeIgniter\Database\BaseConnection->simpleQuery()
 4 SYSTEMPATH/Database/BaseBuilder.php(1916): CodeIgniter\Database\BaseConnection->query()
 5 SYSTEMPATH/Model.php(279): CodeIgniter\Database\BaseBuilder->insert()
 6 SYSTEMPATH/BaseModel.php(749): CodeIgniter\Model->doInsert()
 7 SYSTEMPATH/Model.php(667): CodeIgniter\BaseModel->insert()
 8 SYSTEMPATH/BaseModel.php(659): CodeIgniter\Model->insert()
 9 ROOTPATH/Modules/Bpjs/Controllers/Bpjs.php(110): CodeIgniter\BaseModel->save()
10 SYSTEMPATH/CodeIgniter.php(927): Modules\Bpjs\Controllers\Bpjs->create()
11 SYSTEMPATH/CodeIgniter.php(482): CodeIgniter\CodeIgniter->runController()
12 SYSTEMPATH/CodeIgniter.php(351): CodeIgniter\CodeIgniter->handleRequest()
13 FCPATH/index.php(67): CodeIgniter\CodeIgniter->run()
CRITICAL - 2022-12-20 18:11:11 --> Undefined array key "given_date"
in ROOTPATH/Modules/Bpjs/Controllers/Bpjs.php on line 81.
 1 ROOTPATH/Modules/Bpjs/Controllers/Bpjs.php(81): CodeIgniter\Debug\Exceptions->errorHandler()
 2 SYSTEMPATH/CodeIgniter.php(927): Modules\Bpjs\Controllers\Bpjs->get_data()
 3 SYSTEMPATH/CodeIgniter.php(482): CodeIgniter\CodeIgniter->runController()
 4 SYSTEMPATH/CodeIgniter.php(351): CodeIgniter\CodeIgniter->handleRequest()
 5 FCPATH/index.php(67): CodeIgniter\CodeIgniter->run()
CRITICAL - 2022-12-20 18:11:46 --> Undefined array key "receipn"
in ROOTPATH/Modules/Bpjs/Controllers/Bpjs.php on line 81.
 1 ROOTPATH/Modules/Bpjs/Controllers/Bpjs.php(81): CodeIgniter\Debug\Exceptions->errorHandler()
 2 SYSTEMPATH/CodeIgniter.php(927): Modules\Bpjs\Controllers\Bpjs->get_data()
 3 SYSTEMPATH/CodeIgniter.php(482): CodeIgniter\CodeIgniter->runController()
 4 SYSTEMPATH/CodeIgniter.php(351): CodeIgniter\CodeIgniter->handleRequest()
 5 FCPATH/index.php(67): CodeIgniter\CodeIgniter->run()
CRITICAL - 2022-12-20 18:12:31 --> Call to undefined method Modules\Bpjs\Models\MBpjsTK::getRowArray
in SYSTEMPATH/Model.php on line 774.
 1 ROOTPATH/Modules/Bpjs/Controllers/Bpjs.php(92): CodeIgniter\Model->__call()
 2 SYSTEMPATH/CodeIgniter.php(927): Modules\Bpjs\Controllers\Bpjs->get_data()
 3 SYSTEMPATH/CodeIgniter.php(482): CodeIgniter\CodeIgniter->runController()
 4 SYSTEMPATH/CodeIgniter.php(351): CodeIgniter\CodeIgniter->handleRequest()
 5 FCPATH/index.php(67): CodeIgniter\CodeIgniter->run()
CRITICAL - 2022-12-20 18:16:56 --> Class "Modules\Bpjs\Controllers\GenerateCode" not found
in ROOTPATH/Modules/Bpjs/Controllers/Bpjs.php on line 128.
 1 SYSTEMPATH/CodeIgniter.php(927): Modules\Bpjs\Controllers\Bpjs->update()
 2 SYSTEMPATH/CodeIgniter.php(482): CodeIgniter\CodeIgniter->runController()
 3 SYSTEMPATH/CodeIgniter.php(351): CodeIgniter\CodeIgniter->handleRequest()
 4 FCPATH/index.php(67): CodeIgniter\CodeIgniter->run()
