ERROR - 2022-11-22 22:34:23 --> Error connecting to the database: mysqli_sql_exception: Access denied for user ''@'localhost' in /var/www/html/ci4.ombagoes.com/system/Database/MySQLi/Connection.php:171
Stack trace:
#0 /var/www/html/ci4.ombagoes.com/system/Database/MySQLi/Connection.php(171): mysqli->real_connect()
#1 /var/www/html/ci4.ombagoes.com/system/Database/BaseConnection.php(382): CodeIgniter\Database\MySQLi\Connection->connect()
#2 /var/www/html/ci4.ombagoes.com/system/Database/BaseConnection.php(561): CodeIgniter\Database\BaseConnection->initialize()
#3 /var/www/html/ci4.ombagoes.com/system/Database/BaseBuilder.php(1585): CodeIgniter\Database\BaseConnection->query()
#4 /var/www/html/ci4.ombagoes.com/vendor/codeigniter4/settings/src/Handlers/DatabaseHandler.php(163): CodeIgniter\Database\BaseBuilder->get()
#5 /var/www/html/ci4.ombagoes.com/vendor/codeigniter4/settings/src/Handlers/DatabaseHandler.php(41): CodeIgniter\Settings\Handlers\DatabaseHandler->hydrate()
#6 /var/www/html/ci4.ombagoes.com/vendor/codeigniter4/settings/src/Settings.php(59): CodeIgniter\Settings\Handlers\DatabaseHandler->has()
#7 /var/www/html/ci4.ombagoes.com/vendor/codeigniter4/settings/src/Helpers/setting_helper.php(21): CodeIgniter\Settings\Settings->get()
#8 /var/www/html/ci4.ombagoes.com/vendor/codeigniter4/shield/src/Authentication/Authenticators/Session.php(643): setting()
#9 /var/www/html/ci4.ombagoes.com/vendor/codeigniter4/shield/src/Authentication/Authenticators/Session.php(661): CodeIgniter\Shield\Authentication\Authenticators\Session->getSessionUserInfo()
#10 /var/www/html/ci4.ombagoes.com/vendor/codeigniter4/shield/src/Authentication/Authenticators/Session.php(367): CodeIgniter\Shield\Authentication\Authenticators\Session->getSessionKey()
#11 /var/www/html/ci4.ombagoes.com/vendor/codeigniter4/shield/src/Authentication/Authenticators/Session.php(351): CodeIgniter\Shield\Authentication\Authenticators\Session->checkUserState()
#12 /var/www/html/ci4.ombagoes.com/vendor/codeigniter4/shield/src/Auth.php(71): CodeIgniter\Shield\Authentication\Authenticators\Session->loggedIn()
#13 /var/www/html/ci4.ombagoes.com/app/Controllers/Home.php(10): CodeIgniter\Shield\Auth->user()
#14 /var/www/html/ci4.ombagoes.com/system/CodeIgniter.php(927): App\Controllers\Home->index()
#15 /var/www/html/ci4.ombagoes.com/system/CodeIgniter.php(482): CodeIgniter\CodeIgniter->runController()
#16 /var/www/html/ci4.ombagoes.com/system/CodeIgniter.php(351): CodeIgniter\CodeIgniter->handleRequest()
#17 /var/www/html/ci4.ombagoes.com/public/index.php(67): CodeIgniter\CodeIgniter->run()
#18 {main}

Next CodeIgniter\Database\Exceptions\DatabaseException: Access denied for user ''@'localhost' in /var/www/html/ci4.ombagoes.com/system/Database/MySQLi/Connection.php:215
Stack trace:
#0 /var/www/html/ci4.ombagoes.com/system/Database/BaseConnection.php(382): CodeIgniter\Database\MySQLi\Connection->connect()
#1 /var/www/html/ci4.ombagoes.com/system/Database/BaseConnection.php(561): CodeIgniter\Database\BaseConnection->initialize()
#2 /var/www/html/ci4.ombagoes.com/system/Database/BaseBuilder.php(1585): CodeIgniter\Database\BaseConnection->query()
#3 /var/www/html/ci4.ombagoes.com/vendor/codeigniter4/settings/src/Handlers/DatabaseHandler.php(163): CodeIgniter\Database\BaseBuilder->get()
#4 /var/www/html/ci4.ombagoes.com/vendor/codeigniter4/settings/src/Handlers/DatabaseHandler.php(41): CodeIgniter\Settings\Handlers\DatabaseHandler->hydrate()
#5 /var/www/html/ci4.ombagoes.com/vendor/codeigniter4/settings/src/Settings.php(59): CodeIgniter\Settings\Handlers\DatabaseHandler->has()
#6 /var/www/html/ci4.ombagoes.com/vendor/codeigniter4/settings/src/Helpers/setting_helper.php(21): CodeIgniter\Settings\Settings->get()
#7 /var/www/html/ci4.ombagoes.com/vendor/codeigniter4/shield/src/Authentication/Authenticators/Session.php(643): setting()
#8 /var/www/html/ci4.ombagoes.com/vendor/codeigniter4/shield/src/Authentication/Authenticators/Session.php(661): CodeIgniter\Shield\Authentication\Authenticators\Session->getSessionUserInfo()
#9 /var/www/html/ci4.ombagoes.com/vendor/codeigniter4/shield/src/Authentication/Authenticators/Session.php(367): CodeIgniter\Shield\Authentication\Authenticators\Session->getSessionKey()
#10 /var/www/html/ci4.ombagoes.com/vendor/codeigniter4/shield/src/Authentication/Authenticators/Session.php(351): CodeIgniter\Shield\Authentication\Authenticators\Session->checkUserState()
#11 /var/www/html/ci4.ombagoes.com/vendor/codeigniter4/shield/src/Auth.php(71): CodeIgniter\Shield\Authentication\Authenticators\Session->loggedIn()
#12 /var/www/html/ci4.ombagoes.com/app/Controllers/Home.php(10): CodeIgniter\Shield\Auth->user()
#13 /var/www/html/ci4.ombagoes.com/system/CodeIgniter.php(927): App\Controllers\Home->index()
#14 /var/www/html/ci4.ombagoes.com/system/CodeIgniter.php(482): CodeIgniter\CodeIgniter->runController()
#15 /var/www/html/ci4.ombagoes.com/system/CodeIgniter.php(351): CodeIgniter\CodeIgniter->handleRequest()
#16 /var/www/html/ci4.ombagoes.com/public/index.php(67): CodeIgniter\CodeIgniter->run()
#17 {main}
CRITICAL - 2022-11-22 22:34:23 --> Unable to connect to the database.
Main connection [MySQLi]: Access denied for user ''@'localhost'
in SYSTEMPATH/Database/BaseConnection.php on line 418.
 1 SYSTEMPATH/Database/BaseConnection.php(561): CodeIgniter\Database\BaseConnection->initialize()
 2 SYSTEMPATH/Database/BaseBuilder.php(1585): CodeIgniter\Database\BaseConnection->query()
 3 VENDORPATH/codeigniter4/settings/src/Handlers/DatabaseHandler.php(163): CodeIgniter\Database\BaseBuilder->get()
 4 VENDORPATH/codeigniter4/settings/src/Handlers/DatabaseHandler.php(41): CodeIgniter\Settings\Handlers\DatabaseHandler->hydrate()
 5 VENDORPATH/codeigniter4/settings/src/Settings.php(59): CodeIgniter\Settings\Handlers\DatabaseHandler->has()
 6 VENDORPATH/codeigniter4/settings/src/Helpers/setting_helper.php(21): CodeIgniter\Settings\Settings->get()
 7 VENDORPATH/codeigniter4/shield/src/Authentication/Authenticators/Session.php(643): setting()
 8 VENDORPATH/codeigniter4/shield/src/Authentication/Authenticators/Session.php(661): CodeIgniter\Shield\Authentication\Authenticators\Session->getSessionUserInfo()
 9 VENDORPATH/codeigniter4/shield/src/Authentication/Authenticators/Session.php(367): CodeIgniter\Shield\Authentication\Authenticators\Session->getSessionKey()
10 VENDORPATH/codeigniter4/shield/src/Authentication/Authenticators/Session.php(351): CodeIgniter\Shield\Authentication\Authenticators\Session->checkUserState()
11 VENDORPATH/codeigniter4/shield/src/Auth.php(71): CodeIgniter\Shield\Authentication\Authenticators\Session->loggedIn()
12 APPPATH/Controllers/Home.php(10): CodeIgniter\Shield\Auth->user()
13 SYSTEMPATH/CodeIgniter.php(927): App\Controllers\Home->index()
14 SYSTEMPATH/CodeIgniter.php(482): CodeIgniter\CodeIgniter->runController()
15 SYSTEMPATH/CodeIgniter.php(351): CodeIgniter\CodeIgniter->handleRequest()
16 FCPATH/index.php(67): CodeIgniter\CodeIgniter->run()
ERROR - 2022-11-22 23:01:53 --> mysqli_sql_exception: Table 'ci4ombagoescom.settings' doesn't exist in /var/www/html/ci4.ombagoes.com/system/Database/MySQLi/Connection.php:292
Stack trace:
#0 /var/www/html/ci4.ombagoes.com/system/Database/MySQLi/Connection.php(292): mysqli->query()
#1 /var/www/html/ci4.ombagoes.com/system/Database/BaseConnection.php(666): CodeIgniter\Database\MySQLi\Connection->execute()
#2 /var/www/html/ci4.ombagoes.com/system/Database/BaseConnection.php(593): CodeIgniter\Database\BaseConnection->simpleQuery()
#3 /var/www/html/ci4.ombagoes.com/system/Database/BaseBuilder.php(1585): CodeIgniter\Database\BaseConnection->query()
#4 /var/www/html/ci4.ombagoes.com/vendor/codeigniter4/settings/src/Handlers/DatabaseHandler.php(163): CodeIgniter\Database\BaseBuilder->get()
#5 /var/www/html/ci4.ombagoes.com/vendor/codeigniter4/settings/src/Handlers/DatabaseHandler.php(41): CodeIgniter\Settings\Handlers\DatabaseHandler->hydrate()
#6 /var/www/html/ci4.ombagoes.com/vendor/codeigniter4/settings/src/Settings.php(59): CodeIgniter\Settings\Handlers\DatabaseHandler->has()
#7 /var/www/html/ci4.ombagoes.com/vendor/codeigniter4/settings/src/Helpers/setting_helper.php(21): CodeIgniter\Settings\Settings->get()
#8 /var/www/html/ci4.ombagoes.com/vendor/codeigniter4/shield/src/Authentication/Authenticators/Session.php(643): setting()
#9 /var/www/html/ci4.ombagoes.com/vendor/codeigniter4/shield/src/Authentication/Authenticators/Session.php(661): CodeIgniter\Shield\Authentication\Authenticators\Session->getSessionUserInfo()
#10 /var/www/html/ci4.ombagoes.com/vendor/codeigniter4/shield/src/Authentication/Authenticators/Session.php(367): CodeIgniter\Shield\Authentication\Authenticators\Session->getSessionKey()
#11 /var/www/html/ci4.ombagoes.com/vendor/codeigniter4/shield/src/Authentication/Authenticators/Session.php(351): CodeIgniter\Shield\Authentication\Authenticators\Session->checkUserState()
#12 /var/www/html/ci4.ombagoes.com/vendor/codeigniter4/shield/src/Auth.php(71): CodeIgniter\Shield\Authentication\Authenticators\Session->loggedIn()
#13 /var/www/html/ci4.ombagoes.com/app/Controllers/Home.php(10): CodeIgniter\Shield\Auth->user()
#14 /var/www/html/ci4.ombagoes.com/system/CodeIgniter.php(927): App\Controllers\Home->index()
#15 /var/www/html/ci4.ombagoes.com/system/CodeIgniter.php(482): CodeIgniter\CodeIgniter->runController()
#16 /var/www/html/ci4.ombagoes.com/system/CodeIgniter.php(351): CodeIgniter\CodeIgniter->handleRequest()
#17 /var/www/html/ci4.ombagoes.com/public/index.php(67): CodeIgniter\CodeIgniter->run()
#18 {main}
CRITICAL - 2022-11-22 23:01:53 --> Table 'ci4ombagoescom.settings' doesn't exist
in SYSTEMPATH/Database/MySQLi/Connection.php on line 292.
 1 SYSTEMPATH/Database/MySQLi/Connection.php(292): mysqli->query()
 2 SYSTEMPATH/Database/BaseConnection.php(666): CodeIgniter\Database\MySQLi\Connection->execute()
 3 SYSTEMPATH/Database/BaseConnection.php(593): CodeIgniter\Database\BaseConnection->simpleQuery()
 4 SYSTEMPATH/Database/BaseBuilder.php(1585): CodeIgniter\Database\BaseConnection->query()
 5 VENDORPATH/codeigniter4/settings/src/Handlers/DatabaseHandler.php(163): CodeIgniter\Database\BaseBuilder->get()
 6 VENDORPATH/codeigniter4/settings/src/Handlers/DatabaseHandler.php(41): CodeIgniter\Settings\Handlers\DatabaseHandler->hydrate()
 7 VENDORPATH/codeigniter4/settings/src/Settings.php(59): CodeIgniter\Settings\Handlers\DatabaseHandler->has()
 8 VENDORPATH/codeigniter4/settings/src/Helpers/setting_helper.php(21): CodeIgniter\Settings\Settings->get()
 9 VENDORPATH/codeigniter4/shield/src/Authentication/Authenticators/Session.php(643): setting()
10 VENDORPATH/codeigniter4/shield/src/Authentication/Authenticators/Session.php(661): CodeIgniter\Shield\Authentication\Authenticators\Session->getSessionUserInfo()
11 VENDORPATH/codeigniter4/shield/src/Authentication/Authenticators/Session.php(367): CodeIgniter\Shield\Authentication\Authenticators\Session->getSessionKey()
12 VENDORPATH/codeigniter4/shield/src/Authentication/Authenticators/Session.php(351): CodeIgniter\Shield\Authentication\Authenticators\Session->checkUserState()
13 VENDORPATH/codeigniter4/shield/src/Auth.php(71): CodeIgniter\Shield\Authentication\Authenticators\Session->loggedIn()
14 APPPATH/Controllers/Home.php(10): CodeIgniter\Shield\Auth->user()
15 SYSTEMPATH/CodeIgniter.php(927): App\Controllers\Home->index()
16 SYSTEMPATH/CodeIgniter.php(482): CodeIgniter\CodeIgniter->runController()
17 SYSTEMPATH/CodeIgniter.php(351): CodeIgniter\CodeIgniter->handleRequest()
18 FCPATH/index.php(67): CodeIgniter\CodeIgniter->run()
