CRITICAL - 2022-11-27 06:23:40 --> The action you requested is not allowed.
in SYSTEMPATH/Security/Security.php on line 306.
 1 SYSTEMPATH/Security/Security.php(306): CodeIgniter\Security\Exceptions\SecurityException::forDisallowedAction()
 2 SYSTEMPATH/Filters/CSRF.php(55): CodeIgniter\Security\Security->verify()
 3 SYSTEMPATH/Filters/Filters.php(173): CodeIgniter\Filters\CSRF->before()
 4 SYSTEMPATH/CodeIgniter.php(455): CodeIgniter\Filters\Filters->run()
 5 SYSTEMPATH/CodeIgniter.php(351): CodeIgniter\CodeIgniter->handleRequest()
 6 FCPATH/index.php(67): CodeIgniter\CodeIgniter->run()
CRITICAL - 2022-11-27 07:03:56 --> The action you requested is not allowed.
in SYSTEMPATH/Security/Security.php on line 306.
 1 SYSTEMPATH/Security/Security.php(306): CodeIgniter\Security\Exceptions\SecurityException::forDisallowedAction()
 2 SYSTEMPATH/Filters/CSRF.php(55): CodeIgniter\Security\Security->verify()
 3 SYSTEMPATH/Filters/Filters.php(173): CodeIgniter\Filters\CSRF->before()
 4 SYSTEMPATH/CodeIgniter.php(455): CodeIgniter\Filters\Filters->run()
 5 SYSTEMPATH/CodeIgniter.php(351): CodeIgniter\CodeIgniter->handleRequest()
 6 FCPATH/index.php(67): CodeIgniter\CodeIgniter->run()
CRITICAL - 2022-11-27 07:03:56 --> The action you requested is not allowed.
in SYSTEMPATH/Security/Security.php on line 306.
 1 SYSTEMPATH/Security/Security.php(306): CodeIgniter\Security\Exceptions\SecurityException::forDisallowedAction()
 2 SYSTEMPATH/Filters/CSRF.php(55): CodeIgniter\Security\Security->verify()
 3 SYSTEMPATH/Filters/Filters.php(173): CodeIgniter\Filters\CSRF->before()
 4 SYSTEMPATH/CodeIgniter.php(455): CodeIgniter\Filters\Filters->run()
 5 SYSTEMPATH/CodeIgniter.php(351): CodeIgniter\CodeIgniter->handleRequest()
 6 FCPATH/index.php(67): CodeIgniter\CodeIgniter->run()
CRITICAL - 2022-11-27 07:04:31 --> The action you requested is not allowed.
in SYSTEMPATH/Security/Security.php on line 306.
 1 SYSTEMPATH/Security/Security.php(306): CodeIgniter\Security\Exceptions\SecurityException::forDisallowedAction()
 2 SYSTEMPATH/Filters/CSRF.php(55): CodeIgniter\Security\Security->verify()
 3 SYSTEMPATH/Filters/Filters.php(173): CodeIgniter\Filters\CSRF->before()
 4 SYSTEMPATH/CodeIgniter.php(455): CodeIgniter\Filters\Filters->run()
 5 SYSTEMPATH/CodeIgniter.php(351): CodeIgniter\CodeIgniter->handleRequest()
 6 FCPATH/index.php(67): CodeIgniter\CodeIgniter->run()
CRITICAL - 2022-11-27 07:07:17 --> The action you requested is not allowed.
in SYSTEMPATH/Security/Security.php on line 306.
 1 SYSTEMPATH/Security/Security.php(306): CodeIgniter\Security\Exceptions\SecurityException::forDisallowedAction()
 2 SYSTEMPATH/Filters/CSRF.php(55): CodeIgniter\Security\Security->verify()
 3 SYSTEMPATH/Filters/Filters.php(173): CodeIgniter\Filters\CSRF->before()
 4 SYSTEMPATH/CodeIgniter.php(455): CodeIgniter\Filters\Filters->run()
 5 SYSTEMPATH/CodeIgniter.php(351): CodeIgniter\CodeIgniter->handleRequest()
 6 FCPATH/index.php(67): CodeIgniter\CodeIgniter->run()
CRITICAL - 2022-11-27 07:07:39 --> The action you requested is not allowed.
in SYSTEMPATH/Security/Security.php on line 306.
 1 SYSTEMPATH/Security/Security.php(306): CodeIgniter\Security\Exceptions\SecurityException::forDisallowedAction()
 2 SYSTEMPATH/Filters/CSRF.php(55): CodeIgniter\Security\Security->verify()
 3 SYSTEMPATH/Filters/Filters.php(173): CodeIgniter\Filters\CSRF->before()
 4 SYSTEMPATH/CodeIgniter.php(455): CodeIgniter\Filters\Filters->run()
 5 SYSTEMPATH/CodeIgniter.php(351): CodeIgniter\CodeIgniter->handleRequest()
 6 FCPATH/index.php(67): CodeIgniter\CodeIgniter->run()
CRITICAL - 2022-11-27 07:49:24 --> The action you requested is not allowed.
in SYSTEMPATH/Security/Security.php on line 306.
 1 SYSTEMPATH/Security/Security.php(306): CodeIgniter\Security\Exceptions\SecurityException::forDisallowedAction()
 2 SYSTEMPATH/Filters/CSRF.php(55): CodeIgniter\Security\Security->verify()
 3 SYSTEMPATH/Filters/Filters.php(173): CodeIgniter\Filters\CSRF->before()
 4 SYSTEMPATH/CodeIgniter.php(455): CodeIgniter\Filters\Filters->run()
 5 SYSTEMPATH/CodeIgniter.php(351): CodeIgniter\CodeIgniter->handleRequest()
 6 FCPATH/index.php(67): CodeIgniter\CodeIgniter->run()
ERROR - 2022-11-27 08:22:38 --> mysqli_sql_exception: You have an error in your SQL syntax; check the manual that corresponds to your MariaDB server version for the right syntax to use near 'group='superadmin'' at line 1 in /var/www/html/ci4.ombagoes.com/system/Database/MySQLi/Connection.php:292
Stack trace:
#0 /var/www/html/ci4.ombagoes.com/system/Database/MySQLi/Connection.php(292): mysqli->query()
#1 /var/www/html/ci4.ombagoes.com/system/Database/BaseConnection.php(666): CodeIgniter\Database\MySQLi\Connection->execute()
#2 /var/www/html/ci4.ombagoes.com/system/Database/BaseConnection.php(593): CodeIgniter\Database\BaseConnection->simpleQuery()
#3 /var/www/html/ci4.ombagoes.com/Modules/User/Controllers/UserController.php(60): CodeIgniter\Database\BaseConnection->query()
#4 /var/www/html/ci4.ombagoes.com/system/CodeIgniter.php(927): Modules\User\Controllers\UserController->get_data()
#5 /var/www/html/ci4.ombagoes.com/system/CodeIgniter.php(482): CodeIgniter\CodeIgniter->runController()
#6 /var/www/html/ci4.ombagoes.com/system/CodeIgniter.php(351): CodeIgniter\CodeIgniter->handleRequest()
#7 /var/www/html/ci4.ombagoes.com/public/index.php(67): CodeIgniter\CodeIgniter->run()
#8 {main}
CRITICAL - 2022-11-27 08:22:38 --> You have an error in your SQL syntax; check the manual that corresponds to your MariaDB server version for the right syntax to use near 'group='superadmin'' at line 1
in SYSTEMPATH/Database/MySQLi/Connection.php on line 292.
 1 SYSTEMPATH/Database/MySQLi/Connection.php(292): mysqli->query()
 2 SYSTEMPATH/Database/BaseConnection.php(666): CodeIgniter\Database\MySQLi\Connection->execute()
 3 SYSTEMPATH/Database/BaseConnection.php(593): CodeIgniter\Database\BaseConnection->simpleQuery()
 4 ROOTPATH/Modules/User/Controllers/UserController.php(60): CodeIgniter\Database\BaseConnection->query()
 5 SYSTEMPATH/CodeIgniter.php(927): Modules\User\Controllers\UserController->get_data()
 6 SYSTEMPATH/CodeIgniter.php(482): CodeIgniter\CodeIgniter->runController()
 7 SYSTEMPATH/CodeIgniter.php(351): CodeIgniter\CodeIgniter->handleRequest()
 8 FCPATH/index.php(67): CodeIgniter\CodeIgniter->run()
ERROR - 2022-11-27 08:22:38 --> mysqli_sql_exception: You have an error in your SQL syntax; check the manual that corresponds to your MariaDB server version for the right syntax to use near 'group='superadmin'' at line 1 in /var/www/html/ci4.ombagoes.com/system/Database/MySQLi/Connection.php:292
Stack trace:
#0 /var/www/html/ci4.ombagoes.com/system/Database/MySQLi/Connection.php(292): mysqli->query()
#1 /var/www/html/ci4.ombagoes.com/system/Database/BaseConnection.php(666): CodeIgniter\Database\MySQLi\Connection->execute()
#2 /var/www/html/ci4.ombagoes.com/system/Database/BaseConnection.php(593): CodeIgniter\Database\BaseConnection->simpleQuery()
#3 /var/www/html/ci4.ombagoes.com/Modules/User/Controllers/UserController.php(60): CodeIgniter\Database\BaseConnection->query()
#4 /var/www/html/ci4.ombagoes.com/system/CodeIgniter.php(927): Modules\User\Controllers\UserController->get_data()
#5 /var/www/html/ci4.ombagoes.com/system/CodeIgniter.php(482): CodeIgniter\CodeIgniter->runController()
#6 /var/www/html/ci4.ombagoes.com/system/CodeIgniter.php(351): CodeIgniter\CodeIgniter->handleRequest()
#7 /var/www/html/ci4.ombagoes.com/public/index.php(67): CodeIgniter\CodeIgniter->run()
#8 {main}
CRITICAL - 2022-11-27 08:22:38 --> You have an error in your SQL syntax; check the manual that corresponds to your MariaDB server version for the right syntax to use near 'group='superadmin'' at line 1
in SYSTEMPATH/Database/MySQLi/Connection.php on line 292.
 1 SYSTEMPATH/Database/MySQLi/Connection.php(292): mysqli->query()
 2 SYSTEMPATH/Database/BaseConnection.php(666): CodeIgniter\Database\MySQLi\Connection->execute()
 3 SYSTEMPATH/Database/BaseConnection.php(593): CodeIgniter\Database\BaseConnection->simpleQuery()
 4 ROOTPATH/Modules/User/Controllers/UserController.php(60): CodeIgniter\Database\BaseConnection->query()
 5 SYSTEMPATH/CodeIgniter.php(927): Modules\User\Controllers\UserController->get_data()
 6 SYSTEMPATH/CodeIgniter.php(482): CodeIgniter\CodeIgniter->runController()
 7 SYSTEMPATH/CodeIgniter.php(351): CodeIgniter\CodeIgniter->handleRequest()
 8 FCPATH/index.php(67): CodeIgniter\CodeIgniter->run()
ERROR - 2022-11-27 08:23:09 --> mysqli_sql_exception: You have an error in your SQL syntax; check the manual that corresponds to your MariaDB server version for the right syntax to use near 'group='superadmin'' at line 1 in /var/www/html/ci4.ombagoes.com/system/Database/MySQLi/Connection.php:292
Stack trace:
#0 /var/www/html/ci4.ombagoes.com/system/Database/MySQLi/Connection.php(292): mysqli->query()
#1 /var/www/html/ci4.ombagoes.com/system/Database/BaseConnection.php(666): CodeIgniter\Database\MySQLi\Connection->execute()
#2 /var/www/html/ci4.ombagoes.com/system/Database/BaseConnection.php(593): CodeIgniter\Database\BaseConnection->simpleQuery()
#3 /var/www/html/ci4.ombagoes.com/Modules/User/Controllers/UserController.php(60): CodeIgniter\Database\BaseConnection->query()
#4 /var/www/html/ci4.ombagoes.com/system/CodeIgniter.php(927): Modules\User\Controllers\UserController->get_data()
#5 /var/www/html/ci4.ombagoes.com/system/CodeIgniter.php(482): CodeIgniter\CodeIgniter->runController()
#6 /var/www/html/ci4.ombagoes.com/system/CodeIgniter.php(351): CodeIgniter\CodeIgniter->handleRequest()
#7 /var/www/html/ci4.ombagoes.com/public/index.php(67): CodeIgniter\CodeIgniter->run()
#8 {main}
CRITICAL - 2022-11-27 08:23:09 --> You have an error in your SQL syntax; check the manual that corresponds to your MariaDB server version for the right syntax to use near 'group='superadmin'' at line 1
in SYSTEMPATH/Database/MySQLi/Connection.php on line 292.
 1 SYSTEMPATH/Database/MySQLi/Connection.php(292): mysqli->query()
 2 SYSTEMPATH/Database/BaseConnection.php(666): CodeIgniter\Database\MySQLi\Connection->execute()
 3 SYSTEMPATH/Database/BaseConnection.php(593): CodeIgniter\Database\BaseConnection->simpleQuery()
 4 ROOTPATH/Modules/User/Controllers/UserController.php(60): CodeIgniter\Database\BaseConnection->query()
 5 SYSTEMPATH/CodeIgniter.php(927): Modules\User\Controllers\UserController->get_data()
 6 SYSTEMPATH/CodeIgniter.php(482): CodeIgniter\CodeIgniter->runController()
 7 SYSTEMPATH/CodeIgniter.php(351): CodeIgniter\CodeIgniter->handleRequest()
 8 FCPATH/index.php(67): CodeIgniter\CodeIgniter->run()
ERROR - 2022-11-27 08:23:09 --> mysqli_sql_exception: You have an error in your SQL syntax; check the manual that corresponds to your MariaDB server version for the right syntax to use near 'group='superadmin'' at line 1 in /var/www/html/ci4.ombagoes.com/system/Database/MySQLi/Connection.php:292
Stack trace:
#0 /var/www/html/ci4.ombagoes.com/system/Database/MySQLi/Connection.php(292): mysqli->query()
#1 /var/www/html/ci4.ombagoes.com/system/Database/BaseConnection.php(666): CodeIgniter\Database\MySQLi\Connection->execute()
#2 /var/www/html/ci4.ombagoes.com/system/Database/BaseConnection.php(593): CodeIgniter\Database\BaseConnection->simpleQuery()
#3 /var/www/html/ci4.ombagoes.com/Modules/User/Controllers/UserController.php(60): CodeIgniter\Database\BaseConnection->query()
#4 /var/www/html/ci4.ombagoes.com/system/CodeIgniter.php(927): Modules\User\Controllers\UserController->get_data()
#5 /var/www/html/ci4.ombagoes.com/system/CodeIgniter.php(482): CodeIgniter\CodeIgniter->runController()
#6 /var/www/html/ci4.ombagoes.com/system/CodeIgniter.php(351): CodeIgniter\CodeIgniter->handleRequest()
#7 /var/www/html/ci4.ombagoes.com/public/index.php(67): CodeIgniter\CodeIgniter->run()
#8 {main}
CRITICAL - 2022-11-27 08:23:09 --> You have an error in your SQL syntax; check the manual that corresponds to your MariaDB server version for the right syntax to use near 'group='superadmin'' at line 1
in SYSTEMPATH/Database/MySQLi/Connection.php on line 292.
 1 SYSTEMPATH/Database/MySQLi/Connection.php(292): mysqli->query()
 2 SYSTEMPATH/Database/BaseConnection.php(666): CodeIgniter\Database\MySQLi\Connection->execute()
 3 SYSTEMPATH/Database/BaseConnection.php(593): CodeIgniter\Database\BaseConnection->simpleQuery()
 4 ROOTPATH/Modules/User/Controllers/UserController.php(60): CodeIgniter\Database\BaseConnection->query()
 5 SYSTEMPATH/CodeIgniter.php(927): Modules\User\Controllers\UserController->get_data()
 6 SYSTEMPATH/CodeIgniter.php(482): CodeIgniter\CodeIgniter->runController()
 7 SYSTEMPATH/CodeIgniter.php(351): CodeIgniter\CodeIgniter->handleRequest()
 8 FCPATH/index.php(67): CodeIgniter\CodeIgniter->run()
ERROR - 2022-11-27 08:23:20 --> mysqli_sql_exception: You have an error in your SQL syntax; check the manual that corresponds to your MariaDB server version for the right syntax to use near 'group='superadmin'' at line 1 in /var/www/html/ci4.ombagoes.com/system/Database/MySQLi/Connection.php:292
Stack trace:
#0 /var/www/html/ci4.ombagoes.com/system/Database/MySQLi/Connection.php(292): mysqli->query()
#1 /var/www/html/ci4.ombagoes.com/system/Database/BaseConnection.php(666): CodeIgniter\Database\MySQLi\Connection->execute()
#2 /var/www/html/ci4.ombagoes.com/system/Database/BaseConnection.php(593): CodeIgniter\Database\BaseConnection->simpleQuery()
#3 /var/www/html/ci4.ombagoes.com/Modules/User/Controllers/UserController.php(60): CodeIgniter\Database\BaseConnection->query()
#4 /var/www/html/ci4.ombagoes.com/system/CodeIgniter.php(927): Modules\User\Controllers\UserController->get_data()
#5 /var/www/html/ci4.ombagoes.com/system/CodeIgniter.php(482): CodeIgniter\CodeIgniter->runController()
#6 /var/www/html/ci4.ombagoes.com/system/CodeIgniter.php(351): CodeIgniter\CodeIgniter->handleRequest()
#7 /var/www/html/ci4.ombagoes.com/public/index.php(67): CodeIgniter\CodeIgniter->run()
#8 {main}
CRITICAL - 2022-11-27 08:23:20 --> You have an error in your SQL syntax; check the manual that corresponds to your MariaDB server version for the right syntax to use near 'group='superadmin'' at line 1
in SYSTEMPATH/Database/MySQLi/Connection.php on line 292.
 1 SYSTEMPATH/Database/MySQLi/Connection.php(292): mysqli->query()
 2 SYSTEMPATH/Database/BaseConnection.php(666): CodeIgniter\Database\MySQLi\Connection->execute()
 3 SYSTEMPATH/Database/BaseConnection.php(593): CodeIgniter\Database\BaseConnection->simpleQuery()
 4 ROOTPATH/Modules/User/Controllers/UserController.php(60): CodeIgniter\Database\BaseConnection->query()
 5 SYSTEMPATH/CodeIgniter.php(927): Modules\User\Controllers\UserController->get_data()
 6 SYSTEMPATH/CodeIgniter.php(482): CodeIgniter\CodeIgniter->runController()
 7 SYSTEMPATH/CodeIgniter.php(351): CodeIgniter\CodeIgniter->handleRequest()
 8 FCPATH/index.php(67): CodeIgniter\CodeIgniter->run()
ERROR - 2022-11-27 08:23:20 --> mysqli_sql_exception: You have an error in your SQL syntax; check the manual that corresponds to your MariaDB server version for the right syntax to use near 'group='superadmin'' at line 1 in /var/www/html/ci4.ombagoes.com/system/Database/MySQLi/Connection.php:292
Stack trace:
#0 /var/www/html/ci4.ombagoes.com/system/Database/MySQLi/Connection.php(292): mysqli->query()
#1 /var/www/html/ci4.ombagoes.com/system/Database/BaseConnection.php(666): CodeIgniter\Database\MySQLi\Connection->execute()
#2 /var/www/html/ci4.ombagoes.com/system/Database/BaseConnection.php(593): CodeIgniter\Database\BaseConnection->simpleQuery()
#3 /var/www/html/ci4.ombagoes.com/Modules/User/Controllers/UserController.php(60): CodeIgniter\Database\BaseConnection->query()
#4 /var/www/html/ci4.ombagoes.com/system/CodeIgniter.php(927): Modules\User\Controllers\UserController->get_data()
#5 /var/www/html/ci4.ombagoes.com/system/CodeIgniter.php(482): CodeIgniter\CodeIgniter->runController()
#6 /var/www/html/ci4.ombagoes.com/system/CodeIgniter.php(351): CodeIgniter\CodeIgniter->handleRequest()
#7 /var/www/html/ci4.ombagoes.com/public/index.php(67): CodeIgniter\CodeIgniter->run()
#8 {main}
CRITICAL - 2022-11-27 08:23:20 --> You have an error in your SQL syntax; check the manual that corresponds to your MariaDB server version for the right syntax to use near 'group='superadmin'' at line 1
in SYSTEMPATH/Database/MySQLi/Connection.php on line 292.
 1 SYSTEMPATH/Database/MySQLi/Connection.php(292): mysqli->query()
 2 SYSTEMPATH/Database/BaseConnection.php(666): CodeIgniter\Database\MySQLi\Connection->execute()
 3 SYSTEMPATH/Database/BaseConnection.php(593): CodeIgniter\Database\BaseConnection->simpleQuery()
 4 ROOTPATH/Modules/User/Controllers/UserController.php(60): CodeIgniter\Database\BaseConnection->query()
 5 SYSTEMPATH/CodeIgniter.php(927): Modules\User\Controllers\UserController->get_data()
 6 SYSTEMPATH/CodeIgniter.php(482): CodeIgniter\CodeIgniter->runController()
 7 SYSTEMPATH/CodeIgniter.php(351): CodeIgniter\CodeIgniter->handleRequest()
 8 FCPATH/index.php(67): CodeIgniter\CodeIgniter->run()
ERROR - 2022-11-27 08:27:29 --> mysqli_sql_exception: You have an error in your SQL syntax; check the manual that corresponds to your MariaDB server version for the right syntax to use near 'group='superadmin'' at line 1 in /var/www/html/ci4.ombagoes.com/system/Database/MySQLi/Connection.php:292
Stack trace:
#0 /var/www/html/ci4.ombagoes.com/system/Database/MySQLi/Connection.php(292): mysqli->query()
#1 /var/www/html/ci4.ombagoes.com/system/Database/BaseConnection.php(666): CodeIgniter\Database\MySQLi\Connection->execute()
#2 /var/www/html/ci4.ombagoes.com/system/Database/BaseConnection.php(593): CodeIgniter\Database\BaseConnection->simpleQuery()
#3 /var/www/html/ci4.ombagoes.com/Modules/User/Controllers/UserController.php(60): CodeIgniter\Database\BaseConnection->query()
#4 /var/www/html/ci4.ombagoes.com/system/CodeIgniter.php(927): Modules\User\Controllers\UserController->get_data()
#5 /var/www/html/ci4.ombagoes.com/system/CodeIgniter.php(482): CodeIgniter\CodeIgniter->runController()
#6 /var/www/html/ci4.ombagoes.com/system/CodeIgniter.php(351): CodeIgniter\CodeIgniter->handleRequest()
#7 /var/www/html/ci4.ombagoes.com/public/index.php(67): CodeIgniter\CodeIgniter->run()
#8 {main}
CRITICAL - 2022-11-27 08:27:29 --> You have an error in your SQL syntax; check the manual that corresponds to your MariaDB server version for the right syntax to use near 'group='superadmin'' at line 1
in SYSTEMPATH/Database/MySQLi/Connection.php on line 292.
 1 SYSTEMPATH/Database/MySQLi/Connection.php(292): mysqli->query()
 2 SYSTEMPATH/Database/BaseConnection.php(666): CodeIgniter\Database\MySQLi\Connection->execute()
 3 SYSTEMPATH/Database/BaseConnection.php(593): CodeIgniter\Database\BaseConnection->simpleQuery()
 4 ROOTPATH/Modules/User/Controllers/UserController.php(60): CodeIgniter\Database\BaseConnection->query()
 5 SYSTEMPATH/CodeIgniter.php(927): Modules\User\Controllers\UserController->get_data()
 6 SYSTEMPATH/CodeIgniter.php(482): CodeIgniter\CodeIgniter->runController()
 7 SYSTEMPATH/CodeIgniter.php(351): CodeIgniter\CodeIgniter->handleRequest()
 8 FCPATH/index.php(67): CodeIgniter\CodeIgniter->run()
ERROR - 2022-11-27 08:27:29 --> mysqli_sql_exception: You have an error in your SQL syntax; check the manual that corresponds to your MariaDB server version for the right syntax to use near 'group='superadmin'' at line 1 in /var/www/html/ci4.ombagoes.com/system/Database/MySQLi/Connection.php:292
Stack trace:
#0 /var/www/html/ci4.ombagoes.com/system/Database/MySQLi/Connection.php(292): mysqli->query()
#1 /var/www/html/ci4.ombagoes.com/system/Database/BaseConnection.php(666): CodeIgniter\Database\MySQLi\Connection->execute()
#2 /var/www/html/ci4.ombagoes.com/system/Database/BaseConnection.php(593): CodeIgniter\Database\BaseConnection->simpleQuery()
#3 /var/www/html/ci4.ombagoes.com/Modules/User/Controllers/UserController.php(60): CodeIgniter\Database\BaseConnection->query()
#4 /var/www/html/ci4.ombagoes.com/system/CodeIgniter.php(927): Modules\User\Controllers\UserController->get_data()
#5 /var/www/html/ci4.ombagoes.com/system/CodeIgniter.php(482): CodeIgniter\CodeIgniter->runController()
#6 /var/www/html/ci4.ombagoes.com/system/CodeIgniter.php(351): CodeIgniter\CodeIgniter->handleRequest()
#7 /var/www/html/ci4.ombagoes.com/public/index.php(67): CodeIgniter\CodeIgniter->run()
#8 {main}
CRITICAL - 2022-11-27 08:27:29 --> You have an error in your SQL syntax; check the manual that corresponds to your MariaDB server version for the right syntax to use near 'group='superadmin'' at line 1
in SYSTEMPATH/Database/MySQLi/Connection.php on line 292.
 1 SYSTEMPATH/Database/MySQLi/Connection.php(292): mysqli->query()
 2 SYSTEMPATH/Database/BaseConnection.php(666): CodeIgniter\Database\MySQLi\Connection->execute()
 3 SYSTEMPATH/Database/BaseConnection.php(593): CodeIgniter\Database\BaseConnection->simpleQuery()
 4 ROOTPATH/Modules/User/Controllers/UserController.php(60): CodeIgniter\Database\BaseConnection->query()
 5 SYSTEMPATH/CodeIgniter.php(927): Modules\User\Controllers\UserController->get_data()
 6 SYSTEMPATH/CodeIgniter.php(482): CodeIgniter\CodeIgniter->runController()
 7 SYSTEMPATH/CodeIgniter.php(351): CodeIgniter\CodeIgniter->handleRequest()
 8 FCPATH/index.php(67): CodeIgniter\CodeIgniter->run()
ERROR - 2022-11-27 08:27:47 --> mysqli_sql_exception: You have an error in your SQL syntax; check the manual that corresponds to your MariaDB server version for the right syntax to use near 'group='superadmin'' at line 1 in /var/www/html/ci4.ombagoes.com/system/Database/MySQLi/Connection.php:292
Stack trace:
#0 /var/www/html/ci4.ombagoes.com/system/Database/MySQLi/Connection.php(292): mysqli->query()
#1 /var/www/html/ci4.ombagoes.com/system/Database/BaseConnection.php(666): CodeIgniter\Database\MySQLi\Connection->execute()
#2 /var/www/html/ci4.ombagoes.com/system/Database/BaseConnection.php(593): CodeIgniter\Database\BaseConnection->simpleQuery()
#3 /var/www/html/ci4.ombagoes.com/Modules/User/Controllers/UserController.php(60): CodeIgniter\Database\BaseConnection->query()
#4 /var/www/html/ci4.ombagoes.com/system/CodeIgniter.php(927): Modules\User\Controllers\UserController->get_data()
#5 /var/www/html/ci4.ombagoes.com/system/CodeIgniter.php(482): CodeIgniter\CodeIgniter->runController()
#6 /var/www/html/ci4.ombagoes.com/system/CodeIgniter.php(351): CodeIgniter\CodeIgniter->handleRequest()
#7 /var/www/html/ci4.ombagoes.com/public/index.php(67): CodeIgniter\CodeIgniter->run()
#8 {main}
CRITICAL - 2022-11-27 08:27:47 --> You have an error in your SQL syntax; check the manual that corresponds to your MariaDB server version for the right syntax to use near 'group='superadmin'' at line 1
in SYSTEMPATH/Database/MySQLi/Connection.php on line 292.
 1 SYSTEMPATH/Database/MySQLi/Connection.php(292): mysqli->query()
 2 SYSTEMPATH/Database/BaseConnection.php(666): CodeIgniter\Database\MySQLi\Connection->execute()
 3 SYSTEMPATH/Database/BaseConnection.php(593): CodeIgniter\Database\BaseConnection->simpleQuery()
 4 ROOTPATH/Modules/User/Controllers/UserController.php(60): CodeIgniter\Database\BaseConnection->query()
 5 SYSTEMPATH/CodeIgniter.php(927): Modules\User\Controllers\UserController->get_data()
 6 SYSTEMPATH/CodeIgniter.php(482): CodeIgniter\CodeIgniter->runController()
 7 SYSTEMPATH/CodeIgniter.php(351): CodeIgniter\CodeIgniter->handleRequest()
 8 FCPATH/index.php(67): CodeIgniter\CodeIgniter->run()
ERROR - 2022-11-27 08:27:47 --> mysqli_sql_exception: You have an error in your SQL syntax; check the manual that corresponds to your MariaDB server version for the right syntax to use near 'group='superadmin'' at line 1 in /var/www/html/ci4.ombagoes.com/system/Database/MySQLi/Connection.php:292
Stack trace:
#0 /var/www/html/ci4.ombagoes.com/system/Database/MySQLi/Connection.php(292): mysqli->query()
#1 /var/www/html/ci4.ombagoes.com/system/Database/BaseConnection.php(666): CodeIgniter\Database\MySQLi\Connection->execute()
#2 /var/www/html/ci4.ombagoes.com/system/Database/BaseConnection.php(593): CodeIgniter\Database\BaseConnection->simpleQuery()
#3 /var/www/html/ci4.ombagoes.com/Modules/User/Controllers/UserController.php(60): CodeIgniter\Database\BaseConnection->query()
#4 /var/www/html/ci4.ombagoes.com/system/CodeIgniter.php(927): Modules\User\Controllers\UserController->get_data()
#5 /var/www/html/ci4.ombagoes.com/system/CodeIgniter.php(482): CodeIgniter\CodeIgniter->runController()
#6 /var/www/html/ci4.ombagoes.com/system/CodeIgniter.php(351): CodeIgniter\CodeIgniter->handleRequest()
#7 /var/www/html/ci4.ombagoes.com/public/index.php(67): CodeIgniter\CodeIgniter->run()
#8 {main}
CRITICAL - 2022-11-27 08:27:47 --> You have an error in your SQL syntax; check the manual that corresponds to your MariaDB server version for the right syntax to use near 'group='superadmin'' at line 1
in SYSTEMPATH/Database/MySQLi/Connection.php on line 292.
 1 SYSTEMPATH/Database/MySQLi/Connection.php(292): mysqli->query()
 2 SYSTEMPATH/Database/BaseConnection.php(666): CodeIgniter\Database\MySQLi\Connection->execute()
 3 SYSTEMPATH/Database/BaseConnection.php(593): CodeIgniter\Database\BaseConnection->simpleQuery()
 4 ROOTPATH/Modules/User/Controllers/UserController.php(60): CodeIgniter\Database\BaseConnection->query()
 5 SYSTEMPATH/CodeIgniter.php(927): Modules\User\Controllers\UserController->get_data()
 6 SYSTEMPATH/CodeIgniter.php(482): CodeIgniter\CodeIgniter->runController()
 7 SYSTEMPATH/CodeIgniter.php(351): CodeIgniter\CodeIgniter->handleRequest()
 8 FCPATH/index.php(67): CodeIgniter\CodeIgniter->run()
CRITICAL - 2022-11-27 08:39:51 --> The action you requested is not allowed.
in SYSTEMPATH/Security/Security.php on line 306.
 1 SYSTEMPATH/Security/Security.php(306): CodeIgniter\Security\Exceptions\SecurityException::forDisallowedAction()
 2 SYSTEMPATH/Filters/CSRF.php(55): CodeIgniter\Security\Security->verify()
 3 SYSTEMPATH/Filters/Filters.php(173): CodeIgniter\Filters\CSRF->before()
 4 SYSTEMPATH/CodeIgniter.php(455): CodeIgniter\Filters\Filters->run()
 5 SYSTEMPATH/CodeIgniter.php(351): CodeIgniter\CodeIgniter->handleRequest()
 6 FCPATH/index.php(67): CodeIgniter\CodeIgniter->run()
